                                      1 ;--------------------------------------------------------
                                      2 ; File Created by SDCC : free open source ANSI-C Compiler
                                      3 ; Version 4.2.0 #13081 (MINGW64)
                                      4 ;--------------------------------------------------------
                                      5 	.module delay
                                      6 	.optsdcc -mmcs51 --model-small
                                      7 	
                                      8 ;--------------------------------------------------------
                                      9 ; Public variables in this module
                                     10 ;--------------------------------------------------------
                                     11 	.globl _TF1
                                     12 	.globl _TR1
                                     13 	.globl _TF0
                                     14 	.globl _TR0
                                     15 	.globl _IE1
                                     16 	.globl _IT1
                                     17 	.globl _IE0
                                     18 	.globl _IT0
                                     19 	.globl _SM0
                                     20 	.globl _SM1
                                     21 	.globl _SM2
                                     22 	.globl _REN
                                     23 	.globl _TB8
                                     24 	.globl _RB8
                                     25 	.globl _TI
                                     26 	.globl _RI
                                     27 	.globl _CY
                                     28 	.globl _AC
                                     29 	.globl _F0
                                     30 	.globl _RS1
                                     31 	.globl _RS0
                                     32 	.globl _OV
                                     33 	.globl _F1
                                     34 	.globl _P
                                     35 	.globl _RD
                                     36 	.globl _WR
                                     37 	.globl _T1
                                     38 	.globl _T0
                                     39 	.globl _INT1
                                     40 	.globl _INT0
                                     41 	.globl _TXD0
                                     42 	.globl _TXD
                                     43 	.globl _RXD0
                                     44 	.globl _RXD
                                     45 	.globl _P3_7
                                     46 	.globl _P3_6
                                     47 	.globl _P3_5
                                     48 	.globl _P3_4
                                     49 	.globl _P3_3
                                     50 	.globl _P3_2
                                     51 	.globl _P3_1
                                     52 	.globl _P3_0
                                     53 	.globl _P2_7
                                     54 	.globl _P2_6
                                     55 	.globl _P2_5
                                     56 	.globl _P2_4
                                     57 	.globl _P2_3
                                     58 	.globl _P2_2
                                     59 	.globl _P2_1
                                     60 	.globl _P2_0
                                     61 	.globl _P1_7
                                     62 	.globl _P1_6
                                     63 	.globl _P1_5
                                     64 	.globl _P1_4
                                     65 	.globl _P1_3
                                     66 	.globl _P1_2
                                     67 	.globl _P1_1
                                     68 	.globl _P1_0
                                     69 	.globl _P0_7
                                     70 	.globl _P0_6
                                     71 	.globl _P0_5
                                     72 	.globl _P0_4
                                     73 	.globl _P0_3
                                     74 	.globl _P0_2
                                     75 	.globl _P0_1
                                     76 	.globl _P0_0
                                     77 	.globl _PS
                                     78 	.globl _PT1
                                     79 	.globl _PX1
                                     80 	.globl _PT0
                                     81 	.globl _PX0
                                     82 	.globl _EA
                                     83 	.globl _ES
                                     84 	.globl _ET1
                                     85 	.globl _EX1
                                     86 	.globl _ET0
                                     87 	.globl _EX0
                                     88 	.globl _BREG_F7
                                     89 	.globl _BREG_F6
                                     90 	.globl _BREG_F5
                                     91 	.globl _BREG_F4
                                     92 	.globl _BREG_F3
                                     93 	.globl _BREG_F2
                                     94 	.globl _BREG_F1
                                     95 	.globl _BREG_F0
                                     96 	.globl _P5_7
                                     97 	.globl _P5_6
                                     98 	.globl _P5_5
                                     99 	.globl _P5_4
                                    100 	.globl _P5_3
                                    101 	.globl _P5_2
                                    102 	.globl _P5_1
                                    103 	.globl _P5_0
                                    104 	.globl _P4_7
                                    105 	.globl _P4_6
                                    106 	.globl _P4_5
                                    107 	.globl _P4_4
                                    108 	.globl _P4_3
                                    109 	.globl _P4_2
                                    110 	.globl _P4_1
                                    111 	.globl _P4_0
                                    112 	.globl _PX0L
                                    113 	.globl _PT0L
                                    114 	.globl _PX1L
                                    115 	.globl _PT1L
                                    116 	.globl _PSL
                                    117 	.globl _PT2L
                                    118 	.globl _PPCL
                                    119 	.globl _EC
                                    120 	.globl _CCF0
                                    121 	.globl _CCF1
                                    122 	.globl _CCF2
                                    123 	.globl _CCF3
                                    124 	.globl _CCF4
                                    125 	.globl _CR
                                    126 	.globl _CF
                                    127 	.globl _TF2
                                    128 	.globl _EXF2
                                    129 	.globl _RCLK
                                    130 	.globl _TCLK
                                    131 	.globl _EXEN2
                                    132 	.globl _TR2
                                    133 	.globl _C_T2
                                    134 	.globl _CP_RL2
                                    135 	.globl _T2CON_7
                                    136 	.globl _T2CON_6
                                    137 	.globl _T2CON_5
                                    138 	.globl _T2CON_4
                                    139 	.globl _T2CON_3
                                    140 	.globl _T2CON_2
                                    141 	.globl _T2CON_1
                                    142 	.globl _T2CON_0
                                    143 	.globl _PT2
                                    144 	.globl _ET2
                                    145 	.globl _TMOD
                                    146 	.globl _TL1
                                    147 	.globl _TL0
                                    148 	.globl _TH1
                                    149 	.globl _TH0
                                    150 	.globl _TCON
                                    151 	.globl _SP
                                    152 	.globl _SCON
                                    153 	.globl _SBUF0
                                    154 	.globl _SBUF
                                    155 	.globl _PSW
                                    156 	.globl _PCON
                                    157 	.globl _P3
                                    158 	.globl _P2
                                    159 	.globl _P1
                                    160 	.globl _P0
                                    161 	.globl _IP
                                    162 	.globl _IE
                                    163 	.globl _DP0L
                                    164 	.globl _DPL
                                    165 	.globl _DP0H
                                    166 	.globl _DPH
                                    167 	.globl _B
                                    168 	.globl _ACC
                                    169 	.globl _EECON
                                    170 	.globl _KBF
                                    171 	.globl _KBE
                                    172 	.globl _KBLS
                                    173 	.globl _BRL
                                    174 	.globl _BDRCON
                                    175 	.globl _T2MOD
                                    176 	.globl _SPDAT
                                    177 	.globl _SPSTA
                                    178 	.globl _SPCON
                                    179 	.globl _SADEN
                                    180 	.globl _SADDR
                                    181 	.globl _WDTPRG
                                    182 	.globl _WDTRST
                                    183 	.globl _P5
                                    184 	.globl _P4
                                    185 	.globl _IPH1
                                    186 	.globl _IPL1
                                    187 	.globl _IPH0
                                    188 	.globl _IPL0
                                    189 	.globl _IEN1
                                    190 	.globl _IEN0
                                    191 	.globl _CMOD
                                    192 	.globl _CL
                                    193 	.globl _CH
                                    194 	.globl _CCON
                                    195 	.globl _CCAPM4
                                    196 	.globl _CCAPM3
                                    197 	.globl _CCAPM2
                                    198 	.globl _CCAPM1
                                    199 	.globl _CCAPM0
                                    200 	.globl _CCAP4L
                                    201 	.globl _CCAP3L
                                    202 	.globl _CCAP2L
                                    203 	.globl _CCAP1L
                                    204 	.globl _CCAP0L
                                    205 	.globl _CCAP4H
                                    206 	.globl _CCAP3H
                                    207 	.globl _CCAP2H
                                    208 	.globl _CCAP1H
                                    209 	.globl _CCAP0H
                                    210 	.globl _CKCON1
                                    211 	.globl _CKCON0
                                    212 	.globl _CKRL
                                    213 	.globl _AUXR1
                                    214 	.globl _AUXR
                                    215 	.globl _TH2
                                    216 	.globl _TL2
                                    217 	.globl _RCAP2H
                                    218 	.globl _RCAP2L
                                    219 	.globl _T2CON
                                    220 	.globl _tick
                                    221 	.globl _delay
                                    222 	.globl _timer2_init
                                    223 	.globl _timer2_interrupt_Init
                                    224 ;--------------------------------------------------------
                                    225 ; special function registers
                                    226 ;--------------------------------------------------------
                                    227 	.area RSEG    (ABS,DATA)
      000000                        228 	.org 0x0000
                           0000C8   229 _T2CON	=	0x00c8
                           0000CA   230 _RCAP2L	=	0x00ca
                           0000CB   231 _RCAP2H	=	0x00cb
                           0000CC   232 _TL2	=	0x00cc
                           0000CD   233 _TH2	=	0x00cd
                           00008E   234 _AUXR	=	0x008e
                           0000A2   235 _AUXR1	=	0x00a2
                           000097   236 _CKRL	=	0x0097
                           00008F   237 _CKCON0	=	0x008f
                           0000AF   238 _CKCON1	=	0x00af
                           0000FA   239 _CCAP0H	=	0x00fa
                           0000FB   240 _CCAP1H	=	0x00fb
                           0000FC   241 _CCAP2H	=	0x00fc
                           0000FD   242 _CCAP3H	=	0x00fd
                           0000FE   243 _CCAP4H	=	0x00fe
                           0000EA   244 _CCAP0L	=	0x00ea
                           0000EB   245 _CCAP1L	=	0x00eb
                           0000EC   246 _CCAP2L	=	0x00ec
                           0000ED   247 _CCAP3L	=	0x00ed
                           0000EE   248 _CCAP4L	=	0x00ee
                           0000DA   249 _CCAPM0	=	0x00da
                           0000DB   250 _CCAPM1	=	0x00db
                           0000DC   251 _CCAPM2	=	0x00dc
                           0000DD   252 _CCAPM3	=	0x00dd
                           0000DE   253 _CCAPM4	=	0x00de
                           0000D8   254 _CCON	=	0x00d8
                           0000F9   255 _CH	=	0x00f9
                           0000E9   256 _CL	=	0x00e9
                           0000D9   257 _CMOD	=	0x00d9
                           0000A8   258 _IEN0	=	0x00a8
                           0000B1   259 _IEN1	=	0x00b1
                           0000B8   260 _IPL0	=	0x00b8
                           0000B7   261 _IPH0	=	0x00b7
                           0000B2   262 _IPL1	=	0x00b2
                           0000B3   263 _IPH1	=	0x00b3
                           0000C0   264 _P4	=	0x00c0
                           0000E8   265 _P5	=	0x00e8
                           0000A6   266 _WDTRST	=	0x00a6
                           0000A7   267 _WDTPRG	=	0x00a7
                           0000A9   268 _SADDR	=	0x00a9
                           0000B9   269 _SADEN	=	0x00b9
                           0000C3   270 _SPCON	=	0x00c3
                           0000C4   271 _SPSTA	=	0x00c4
                           0000C5   272 _SPDAT	=	0x00c5
                           0000C9   273 _T2MOD	=	0x00c9
                           00009B   274 _BDRCON	=	0x009b
                           00009A   275 _BRL	=	0x009a
                           00009C   276 _KBLS	=	0x009c
                           00009D   277 _KBE	=	0x009d
                           00009E   278 _KBF	=	0x009e
                           0000D2   279 _EECON	=	0x00d2
                           0000E0   280 _ACC	=	0x00e0
                           0000F0   281 _B	=	0x00f0
                           000083   282 _DPH	=	0x0083
                           000083   283 _DP0H	=	0x0083
                           000082   284 _DPL	=	0x0082
                           000082   285 _DP0L	=	0x0082
                           0000A8   286 _IE	=	0x00a8
                           0000B8   287 _IP	=	0x00b8
                           000080   288 _P0	=	0x0080
                           000090   289 _P1	=	0x0090
                           0000A0   290 _P2	=	0x00a0
                           0000B0   291 _P3	=	0x00b0
                           000087   292 _PCON	=	0x0087
                           0000D0   293 _PSW	=	0x00d0
                           000099   294 _SBUF	=	0x0099
                           000099   295 _SBUF0	=	0x0099
                           000098   296 _SCON	=	0x0098
                           000081   297 _SP	=	0x0081
                           000088   298 _TCON	=	0x0088
                           00008C   299 _TH0	=	0x008c
                           00008D   300 _TH1	=	0x008d
                           00008A   301 _TL0	=	0x008a
                           00008B   302 _TL1	=	0x008b
                           000089   303 _TMOD	=	0x0089
                                    304 ;--------------------------------------------------------
                                    305 ; special function bits
                                    306 ;--------------------------------------------------------
                                    307 	.area RSEG    (ABS,DATA)
      000000                        308 	.org 0x0000
                           0000AD   309 _ET2	=	0x00ad
                           0000BD   310 _PT2	=	0x00bd
                           0000C8   311 _T2CON_0	=	0x00c8
                           0000C9   312 _T2CON_1	=	0x00c9
                           0000CA   313 _T2CON_2	=	0x00ca
                           0000CB   314 _T2CON_3	=	0x00cb
                           0000CC   315 _T2CON_4	=	0x00cc
                           0000CD   316 _T2CON_5	=	0x00cd
                           0000CE   317 _T2CON_6	=	0x00ce
                           0000CF   318 _T2CON_7	=	0x00cf
                           0000C8   319 _CP_RL2	=	0x00c8
                           0000C9   320 _C_T2	=	0x00c9
                           0000CA   321 _TR2	=	0x00ca
                           0000CB   322 _EXEN2	=	0x00cb
                           0000CC   323 _TCLK	=	0x00cc
                           0000CD   324 _RCLK	=	0x00cd
                           0000CE   325 _EXF2	=	0x00ce
                           0000CF   326 _TF2	=	0x00cf
                           0000DF   327 _CF	=	0x00df
                           0000DE   328 _CR	=	0x00de
                           0000DC   329 _CCF4	=	0x00dc
                           0000DB   330 _CCF3	=	0x00db
                           0000DA   331 _CCF2	=	0x00da
                           0000D9   332 _CCF1	=	0x00d9
                           0000D8   333 _CCF0	=	0x00d8
                           0000AE   334 _EC	=	0x00ae
                           0000BE   335 _PPCL	=	0x00be
                           0000BD   336 _PT2L	=	0x00bd
                           0000BC   337 _PSL	=	0x00bc
                           0000BB   338 _PT1L	=	0x00bb
                           0000BA   339 _PX1L	=	0x00ba
                           0000B9   340 _PT0L	=	0x00b9
                           0000B8   341 _PX0L	=	0x00b8
                           0000C0   342 _P4_0	=	0x00c0
                           0000C1   343 _P4_1	=	0x00c1
                           0000C2   344 _P4_2	=	0x00c2
                           0000C3   345 _P4_3	=	0x00c3
                           0000C4   346 _P4_4	=	0x00c4
                           0000C5   347 _P4_5	=	0x00c5
                           0000C6   348 _P4_6	=	0x00c6
                           0000C7   349 _P4_7	=	0x00c7
                           0000E8   350 _P5_0	=	0x00e8
                           0000E9   351 _P5_1	=	0x00e9
                           0000EA   352 _P5_2	=	0x00ea
                           0000EB   353 _P5_3	=	0x00eb
                           0000EC   354 _P5_4	=	0x00ec
                           0000ED   355 _P5_5	=	0x00ed
                           0000EE   356 _P5_6	=	0x00ee
                           0000EF   357 _P5_7	=	0x00ef
                           0000F0   358 _BREG_F0	=	0x00f0
                           0000F1   359 _BREG_F1	=	0x00f1
                           0000F2   360 _BREG_F2	=	0x00f2
                           0000F3   361 _BREG_F3	=	0x00f3
                           0000F4   362 _BREG_F4	=	0x00f4
                           0000F5   363 _BREG_F5	=	0x00f5
                           0000F6   364 _BREG_F6	=	0x00f6
                           0000F7   365 _BREG_F7	=	0x00f7
                           0000A8   366 _EX0	=	0x00a8
                           0000A9   367 _ET0	=	0x00a9
                           0000AA   368 _EX1	=	0x00aa
                           0000AB   369 _ET1	=	0x00ab
                           0000AC   370 _ES	=	0x00ac
                           0000AF   371 _EA	=	0x00af
                           0000B8   372 _PX0	=	0x00b8
                           0000B9   373 _PT0	=	0x00b9
                           0000BA   374 _PX1	=	0x00ba
                           0000BB   375 _PT1	=	0x00bb
                           0000BC   376 _PS	=	0x00bc
                           000080   377 _P0_0	=	0x0080
                           000081   378 _P0_1	=	0x0081
                           000082   379 _P0_2	=	0x0082
                           000083   380 _P0_3	=	0x0083
                           000084   381 _P0_4	=	0x0084
                           000085   382 _P0_5	=	0x0085
                           000086   383 _P0_6	=	0x0086
                           000087   384 _P0_7	=	0x0087
                           000090   385 _P1_0	=	0x0090
                           000091   386 _P1_1	=	0x0091
                           000092   387 _P1_2	=	0x0092
                           000093   388 _P1_3	=	0x0093
                           000094   389 _P1_4	=	0x0094
                           000095   390 _P1_5	=	0x0095
                           000096   391 _P1_6	=	0x0096
                           000097   392 _P1_7	=	0x0097
                           0000A0   393 _P2_0	=	0x00a0
                           0000A1   394 _P2_1	=	0x00a1
                           0000A2   395 _P2_2	=	0x00a2
                           0000A3   396 _P2_3	=	0x00a3
                           0000A4   397 _P2_4	=	0x00a4
                           0000A5   398 _P2_5	=	0x00a5
                           0000A6   399 _P2_6	=	0x00a6
                           0000A7   400 _P2_7	=	0x00a7
                           0000B0   401 _P3_0	=	0x00b0
                           0000B1   402 _P3_1	=	0x00b1
                           0000B2   403 _P3_2	=	0x00b2
                           0000B3   404 _P3_3	=	0x00b3
                           0000B4   405 _P3_4	=	0x00b4
                           0000B5   406 _P3_5	=	0x00b5
                           0000B6   407 _P3_6	=	0x00b6
                           0000B7   408 _P3_7	=	0x00b7
                           0000B0   409 _RXD	=	0x00b0
                           0000B0   410 _RXD0	=	0x00b0
                           0000B1   411 _TXD	=	0x00b1
                           0000B1   412 _TXD0	=	0x00b1
                           0000B2   413 _INT0	=	0x00b2
                           0000B3   414 _INT1	=	0x00b3
                           0000B4   415 _T0	=	0x00b4
                           0000B5   416 _T1	=	0x00b5
                           0000B6   417 _WR	=	0x00b6
                           0000B7   418 _RD	=	0x00b7
                           0000D0   419 _P	=	0x00d0
                           0000D1   420 _F1	=	0x00d1
                           0000D2   421 _OV	=	0x00d2
                           0000D3   422 _RS0	=	0x00d3
                           0000D4   423 _RS1	=	0x00d4
                           0000D5   424 _F0	=	0x00d5
                           0000D6   425 _AC	=	0x00d6
                           0000D7   426 _CY	=	0x00d7
                           000098   427 _RI	=	0x0098
                           000099   428 _TI	=	0x0099
                           00009A   429 _RB8	=	0x009a
                           00009B   430 _TB8	=	0x009b
                           00009C   431 _REN	=	0x009c
                           00009D   432 _SM2	=	0x009d
                           00009E   433 _SM1	=	0x009e
                           00009F   434 _SM0	=	0x009f
                           000088   435 _IT0	=	0x0088
                           000089   436 _IE0	=	0x0089
                           00008A   437 _IT1	=	0x008a
                           00008B   438 _IE1	=	0x008b
                           00008C   439 _TR0	=	0x008c
                           00008D   440 _TF0	=	0x008d
                           00008E   441 _TR1	=	0x008e
                           00008F   442 _TF1	=	0x008f
                                    443 ;--------------------------------------------------------
                                    444 ; overlayable register banks
                                    445 ;--------------------------------------------------------
                                    446 	.area REG_BANK_0	(REL,OVR,DATA)
      000000                        447 	.ds 8
                                    448 ;--------------------------------------------------------
                                    449 ; internal ram data
                                    450 ;--------------------------------------------------------
                                    451 	.area DSEG    (DATA)
      000000                        452 _tick::
      000000                        453 	.ds 2
                                    454 ;--------------------------------------------------------
                                    455 ; overlayable items in internal ram
                                    456 ;--------------------------------------------------------
                                    457 	.area	OSEG    (OVR,DATA)
                                    458 ;--------------------------------------------------------
                                    459 ; indirectly addressable internal ram data
                                    460 ;--------------------------------------------------------
                                    461 	.area ISEG    (DATA)
                                    462 ;--------------------------------------------------------
                                    463 ; absolute internal ram data
                                    464 ;--------------------------------------------------------
                                    465 	.area IABS    (ABS,DATA)
                                    466 	.area IABS    (ABS,DATA)
                                    467 ;--------------------------------------------------------
                                    468 ; bit data
                                    469 ;--------------------------------------------------------
                                    470 	.area BSEG    (BIT)
                                    471 ;--------------------------------------------------------
                                    472 ; paged external ram data
                                    473 ;--------------------------------------------------------
                                    474 	.area PSEG    (PAG,XDATA)
                                    475 ;--------------------------------------------------------
                                    476 ; external ram data
                                    477 ;--------------------------------------------------------
                                    478 	.area XSEG    (XDATA)
                                    479 ;--------------------------------------------------------
                                    480 ; absolute external ram data
                                    481 ;--------------------------------------------------------
                                    482 	.area XABS    (ABS,XDATA)
                                    483 ;--------------------------------------------------------
                                    484 ; external initialized ram data
                                    485 ;--------------------------------------------------------
                                    486 	.area XISEG   (XDATA)
                                    487 	.area HOME    (CODE)
                                    488 	.area GSINIT0 (CODE)
                                    489 	.area GSINIT1 (CODE)
                                    490 	.area GSINIT2 (CODE)
                                    491 	.area GSINIT3 (CODE)
                                    492 	.area GSINIT4 (CODE)
                                    493 	.area GSINIT5 (CODE)
                                    494 	.area GSINIT  (CODE)
                                    495 	.area GSFINAL (CODE)
                                    496 	.area CSEG    (CODE)
                                    497 ;--------------------------------------------------------
                                    498 ; global & static initialisations
                                    499 ;--------------------------------------------------------
                                    500 	.area HOME    (CODE)
                                    501 	.area GSINIT  (CODE)
                                    502 	.area GSFINAL (CODE)
                                    503 	.area GSINIT  (CODE)
                                    504 ;	delay.c:24: extern volatile unsigned int tick = 0;  // External declaration of the tick variable
      000000 E4               [12]  505 	clr	a
      000001 F5*00            [12]  506 	mov	_tick,a
      000003 F5*01            [12]  507 	mov	(_tick + 1),a
                                    508 ;--------------------------------------------------------
                                    509 ; Home
                                    510 ;--------------------------------------------------------
                                    511 	.area HOME    (CODE)
                                    512 	.area HOME    (CODE)
                                    513 ;--------------------------------------------------------
                                    514 ; code
                                    515 ;--------------------------------------------------------
                                    516 	.area CSEG    (CODE)
                                    517 ;------------------------------------------------------------
                                    518 ;Allocation info for local variables in function 'delay'
                                    519 ;------------------------------------------------------------
                                    520 ;t                         Allocated to registers 
                                    521 ;------------------------------------------------------------
                                    522 ;	delay.c:30: void delay(uint32_t t)
                                    523 ;	-----------------------------------------
                                    524 ;	 function delay
                                    525 ;	-----------------------------------------
      000000                        526 _delay:
                           000007   527 	ar7 = 0x07
                           000006   528 	ar6 = 0x06
                           000005   529 	ar5 = 0x05
                           000004   530 	ar4 = 0x04
                           000003   531 	ar3 = 0x03
                           000002   532 	ar2 = 0x02
                           000001   533 	ar1 = 0x01
                           000000   534 	ar0 = 0x00
      000000 AC 82            [24]  535 	mov	r4,dpl
      000002 AD 83            [24]  536 	mov	r5,dph
      000004 AE F0            [24]  537 	mov	r6,b
      000006 FF               [12]  538 	mov	r7,a
                                    539 ;	delay.c:32: while(t--){
      000007                        540 00101$:
      000007 8C 00            [24]  541 	mov	ar0,r4
      000009 8D 01            [24]  542 	mov	ar1,r5
      00000B 8E 02            [24]  543 	mov	ar2,r6
      00000D 8F 03            [24]  544 	mov	ar3,r7
      00000F 1C               [12]  545 	dec	r4
      000010 BC FF 09         [24]  546 	cjne	r4,#0xff,00115$
      000013 1D               [12]  547 	dec	r5
      000014 BD FF 05         [24]  548 	cjne	r5,#0xff,00115$
      000017 1E               [12]  549 	dec	r6
      000018 BE FF 01         [24]  550 	cjne	r6,#0xff,00115$
      00001B 1F               [12]  551 	dec	r7
      00001C                        552 00115$:
      00001C E8               [12]  553 	mov	a,r0
      00001D 49               [12]  554 	orl	a,r1
      00001E 4A               [12]  555 	orl	a,r2
      00001F 4B               [12]  556 	orl	a,r3
      000020 60 03            [24]  557 	jz	00104$
                                    558 ;	delay.c:33: NOP;  // Assembly NOP instruction for delaying program execution.
      000022 00               [12]  559 	nop	
      000023 80 E2            [24]  560 	sjmp	00101$
      000025                        561 00104$:
                                    562 ;	delay.c:35: }
      000025 22               [24]  563 	ret
                                    564 ;------------------------------------------------------------
                                    565 ;Allocation info for local variables in function 'timer2_init'
                                    566 ;------------------------------------------------------------
                                    567 ;	delay.c:40: void timer2_init(){
                                    568 ;	-----------------------------------------
                                    569 ;	 function timer2_init
                                    570 ;	-----------------------------------------
      000026                        571 _timer2_init:
                                    572 ;	delay.c:41: T2MOD = 0b00000001;  // Set Timer 2 to 8-bit auto-reload mode
      000026 75 C9 01         [24]  573 	mov	_T2MOD,#0x01
                                    574 ;	delay.c:42: RCAP2L = 0xFC;  // Set the low byte of the reload value for 50ms interrupt
      000029 75 CA FC         [24]  575 	mov	_RCAP2L,#0xfc
                                    576 ;	delay.c:43: RCAP2H = 0x4B;  // Set the high byte of the reload value for 50ms interrupt
      00002C 75 CB 4B         [24]  577 	mov	_RCAP2H,#0x4b
                                    578 ;	delay.c:45: TL2 = RCAP2L;  // Load the low byte of the reload value into Timer 2
      00002F 85 CA CC         [24]  579 	mov	_TL2,_RCAP2L
                                    580 ;	delay.c:46: TH2 = RCAP2H;  // Load the high byte of the reload value into Timer 2
      000032 85 CB CD         [24]  581 	mov	_TH2,_RCAP2H
                                    582 ;	delay.c:47: TR2 = 1;  // Start Timer 2
                                    583 ;	assignBit
      000035 D2 CA            [12]  584 	setb	_TR2
                                    585 ;	delay.c:48: }
      000037 22               [24]  586 	ret
                                    587 ;------------------------------------------------------------
                                    588 ;Allocation info for local variables in function 'timer2_interrupt_Init'
                                    589 ;------------------------------------------------------------
                                    590 ;	delay.c:53: void timer2_interrupt_Init(){
                                    591 ;	-----------------------------------------
                                    592 ;	 function timer2_interrupt_Init
                                    593 ;	-----------------------------------------
      000038                        594 _timer2_interrupt_Init:
                                    595 ;	delay.c:54: timer2_init();  // Initialize Timer 2
      000038 12r00r26         [24]  596 	lcall	_timer2_init
                                    597 ;	delay.c:55: ET2 = 1;  // Enable Timer 2 interrupt
                                    598 ;	assignBit
      00003B D2 AD            [12]  599 	setb	_ET2
                                    600 ;	delay.c:56: EA = 1;  // Enable global interrupts
                                    601 ;	assignBit
      00003D D2 AF            [12]  602 	setb	_EA
                                    603 ;	delay.c:57: }
      00003F 22               [24]  604 	ret
                                    605 	.area CSEG    (CODE)
                                    606 	.area CONST   (CODE)
                                    607 	.area XINIT   (CODE)
                                    608 	.area CABS    (ABS,CODE)
