                                      1 ;--------------------------------------------------------
                                      2 ; File Created by SDCC : free open source ANSI-C Compiler
                                      3 ; Version 4.2.0 #13081 (MINGW64)
                                      4 ;--------------------------------------------------------
                                      5 	.module lcd
                                      6 	.optsdcc -mmcs51 --model-small
                                      7 	
                                      8 ;--------------------------------------------------------
                                      9 ; Public variables in this module
                                     10 ;--------------------------------------------------------
                                     11 	.globl _lcd_command_PARM_3
                                     12 	.globl _lcd_command_PARM_2
                                     13 	.globl _printf_tiny
                                     14 	.globl _delay
                                     15 	.globl _P5_7
                                     16 	.globl _P5_6
                                     17 	.globl _P5_5
                                     18 	.globl _P5_4
                                     19 	.globl _P5_3
                                     20 	.globl _P5_2
                                     21 	.globl _P5_1
                                     22 	.globl _P5_0
                                     23 	.globl _P4_7
                                     24 	.globl _P4_6
                                     25 	.globl _P4_5
                                     26 	.globl _P4_4
                                     27 	.globl _P4_3
                                     28 	.globl _P4_2
                                     29 	.globl _P4_1
                                     30 	.globl _P4_0
                                     31 	.globl _PX0L
                                     32 	.globl _PT0L
                                     33 	.globl _PX1L
                                     34 	.globl _PT1L
                                     35 	.globl _PSL
                                     36 	.globl _PT2L
                                     37 	.globl _PPCL
                                     38 	.globl _EC
                                     39 	.globl _CCF0
                                     40 	.globl _CCF1
                                     41 	.globl _CCF2
                                     42 	.globl _CCF3
                                     43 	.globl _CCF4
                                     44 	.globl _CR
                                     45 	.globl _CF
                                     46 	.globl _TF2
                                     47 	.globl _EXF2
                                     48 	.globl _RCLK
                                     49 	.globl _TCLK
                                     50 	.globl _EXEN2
                                     51 	.globl _TR2
                                     52 	.globl _C_T2
                                     53 	.globl _CP_RL2
                                     54 	.globl _T2CON_7
                                     55 	.globl _T2CON_6
                                     56 	.globl _T2CON_5
                                     57 	.globl _T2CON_4
                                     58 	.globl _T2CON_3
                                     59 	.globl _T2CON_2
                                     60 	.globl _T2CON_1
                                     61 	.globl _T2CON_0
                                     62 	.globl _PT2
                                     63 	.globl _ET2
                                     64 	.globl _CY
                                     65 	.globl _AC
                                     66 	.globl _F0
                                     67 	.globl _RS1
                                     68 	.globl _RS0
                                     69 	.globl _OV
                                     70 	.globl _F1
                                     71 	.globl _P
                                     72 	.globl _PS
                                     73 	.globl _PT1
                                     74 	.globl _PX1
                                     75 	.globl _PT0
                                     76 	.globl _PX0
                                     77 	.globl _RD
                                     78 	.globl _WR
                                     79 	.globl _T1
                                     80 	.globl _T0
                                     81 	.globl _INT1
                                     82 	.globl _INT0
                                     83 	.globl _TXD
                                     84 	.globl _RXD
                                     85 	.globl _P3_7
                                     86 	.globl _P3_6
                                     87 	.globl _P3_5
                                     88 	.globl _P3_4
                                     89 	.globl _P3_3
                                     90 	.globl _P3_2
                                     91 	.globl _P3_1
                                     92 	.globl _P3_0
                                     93 	.globl _EA
                                     94 	.globl _ES
                                     95 	.globl _ET1
                                     96 	.globl _EX1
                                     97 	.globl _ET0
                                     98 	.globl _EX0
                                     99 	.globl _P2_7
                                    100 	.globl _P2_6
                                    101 	.globl _P2_5
                                    102 	.globl _P2_4
                                    103 	.globl _P2_3
                                    104 	.globl _P2_2
                                    105 	.globl _P2_1
                                    106 	.globl _P2_0
                                    107 	.globl _SM0
                                    108 	.globl _SM1
                                    109 	.globl _SM2
                                    110 	.globl _REN
                                    111 	.globl _TB8
                                    112 	.globl _RB8
                                    113 	.globl _TI
                                    114 	.globl _RI
                                    115 	.globl _P1_7
                                    116 	.globl _P1_6
                                    117 	.globl _P1_5
                                    118 	.globl _P1_4
                                    119 	.globl _P1_3
                                    120 	.globl _P1_2
                                    121 	.globl _P1_1
                                    122 	.globl _P1_0
                                    123 	.globl _TF1
                                    124 	.globl _TR1
                                    125 	.globl _TF0
                                    126 	.globl _TR0
                                    127 	.globl _IE1
                                    128 	.globl _IT1
                                    129 	.globl _IE0
                                    130 	.globl _IT0
                                    131 	.globl _P0_7
                                    132 	.globl _P0_6
                                    133 	.globl _P0_5
                                    134 	.globl _P0_4
                                    135 	.globl _P0_3
                                    136 	.globl _P0_2
                                    137 	.globl _P0_1
                                    138 	.globl _P0_0
                                    139 	.globl _EECON
                                    140 	.globl _KBF
                                    141 	.globl _KBE
                                    142 	.globl _KBLS
                                    143 	.globl _BRL
                                    144 	.globl _BDRCON
                                    145 	.globl _T2MOD
                                    146 	.globl _SPDAT
                                    147 	.globl _SPSTA
                                    148 	.globl _SPCON
                                    149 	.globl _SADEN
                                    150 	.globl _SADDR
                                    151 	.globl _WDTPRG
                                    152 	.globl _WDTRST
                                    153 	.globl _P5
                                    154 	.globl _P4
                                    155 	.globl _IPH1
                                    156 	.globl _IPL1
                                    157 	.globl _IPH0
                                    158 	.globl _IPL0
                                    159 	.globl _IEN1
                                    160 	.globl _IEN0
                                    161 	.globl _CMOD
                                    162 	.globl _CL
                                    163 	.globl _CH
                                    164 	.globl _CCON
                                    165 	.globl _CCAPM4
                                    166 	.globl _CCAPM3
                                    167 	.globl _CCAPM2
                                    168 	.globl _CCAPM1
                                    169 	.globl _CCAPM0
                                    170 	.globl _CCAP4L
                                    171 	.globl _CCAP3L
                                    172 	.globl _CCAP2L
                                    173 	.globl _CCAP1L
                                    174 	.globl _CCAP0L
                                    175 	.globl _CCAP4H
                                    176 	.globl _CCAP3H
                                    177 	.globl _CCAP2H
                                    178 	.globl _CCAP1H
                                    179 	.globl _CCAP0H
                                    180 	.globl _CKCON1
                                    181 	.globl _CKCON0
                                    182 	.globl _CKRL
                                    183 	.globl _AUXR1
                                    184 	.globl _AUXR
                                    185 	.globl _TH2
                                    186 	.globl _TL2
                                    187 	.globl _RCAP2H
                                    188 	.globl _RCAP2L
                                    189 	.globl _T2CON
                                    190 	.globl _B
                                    191 	.globl _ACC
                                    192 	.globl _PSW
                                    193 	.globl _IP
                                    194 	.globl _P3
                                    195 	.globl _IE
                                    196 	.globl _P2
                                    197 	.globl _SBUF
                                    198 	.globl _SCON
                                    199 	.globl _P1
                                    200 	.globl _TH1
                                    201 	.globl _TH0
                                    202 	.globl _TL1
                                    203 	.globl _TL0
                                    204 	.globl _TMOD
                                    205 	.globl _TCON
                                    206 	.globl _PCON
                                    207 	.globl _DPH
                                    208 	.globl _DPL
                                    209 	.globl _SP
                                    210 	.globl _P0
                                    211 	.globl _db
                                    212 	.globl _arrow_set_PARM_3
                                    213 	.globl _arrow_set_PARM_2
                                    214 	.globl _lcdgotoxy_PARM_2
                                    215 	.globl _clockrun_flag
                                    216 	.globl _ptr
                                    217 	.globl _lcd_command
                                    218 	.globl _lcdbusywait
                                    219 	.globl _lcdgotoaddr
                                    220 	.globl _lcdgotoxy
                                    221 	.globl _lcdputch
                                    222 	.globl _lcdputstr
                                    223 	.globl _lcdinit
                                    224 	.globl _lcdclear
                                    225 	.globl _test_functionality
                                    226 	.globl _set_cgram_address
                                    227 	.globl _create_custom_character
                                    228 	.globl _reset_clock
                                    229 	.globl _clock_run
                                    230 	.globl _menu_lcd
                                    231 	.globl _arrow_set
                                    232 ;--------------------------------------------------------
                                    233 ; special function registers
                                    234 ;--------------------------------------------------------
                                    235 	.area RSEG    (ABS,DATA)
      000000                        236 	.org 0x0000
                           000080   237 _P0	=	0x0080
                           000081   238 _SP	=	0x0081
                           000082   239 _DPL	=	0x0082
                           000083   240 _DPH	=	0x0083
                           000087   241 _PCON	=	0x0087
                           000088   242 _TCON	=	0x0088
                           000089   243 _TMOD	=	0x0089
                           00008A   244 _TL0	=	0x008a
                           00008B   245 _TL1	=	0x008b
                           00008C   246 _TH0	=	0x008c
                           00008D   247 _TH1	=	0x008d
                           000090   248 _P1	=	0x0090
                           000098   249 _SCON	=	0x0098
                           000099   250 _SBUF	=	0x0099
                           0000A0   251 _P2	=	0x00a0
                           0000A8   252 _IE	=	0x00a8
                           0000B0   253 _P3	=	0x00b0
                           0000B8   254 _IP	=	0x00b8
                           0000D0   255 _PSW	=	0x00d0
                           0000E0   256 _ACC	=	0x00e0
                           0000F0   257 _B	=	0x00f0
                           0000C8   258 _T2CON	=	0x00c8
                           0000CA   259 _RCAP2L	=	0x00ca
                           0000CB   260 _RCAP2H	=	0x00cb
                           0000CC   261 _TL2	=	0x00cc
                           0000CD   262 _TH2	=	0x00cd
                           00008E   263 _AUXR	=	0x008e
                           0000A2   264 _AUXR1	=	0x00a2
                           000097   265 _CKRL	=	0x0097
                           00008F   266 _CKCON0	=	0x008f
                           0000AF   267 _CKCON1	=	0x00af
                           0000FA   268 _CCAP0H	=	0x00fa
                           0000FB   269 _CCAP1H	=	0x00fb
                           0000FC   270 _CCAP2H	=	0x00fc
                           0000FD   271 _CCAP3H	=	0x00fd
                           0000FE   272 _CCAP4H	=	0x00fe
                           0000EA   273 _CCAP0L	=	0x00ea
                           0000EB   274 _CCAP1L	=	0x00eb
                           0000EC   275 _CCAP2L	=	0x00ec
                           0000ED   276 _CCAP3L	=	0x00ed
                           0000EE   277 _CCAP4L	=	0x00ee
                           0000DA   278 _CCAPM0	=	0x00da
                           0000DB   279 _CCAPM1	=	0x00db
                           0000DC   280 _CCAPM2	=	0x00dc
                           0000DD   281 _CCAPM3	=	0x00dd
                           0000DE   282 _CCAPM4	=	0x00de
                           0000D8   283 _CCON	=	0x00d8
                           0000F9   284 _CH	=	0x00f9
                           0000E9   285 _CL	=	0x00e9
                           0000D9   286 _CMOD	=	0x00d9
                           0000A8   287 _IEN0	=	0x00a8
                           0000B1   288 _IEN1	=	0x00b1
                           0000B8   289 _IPL0	=	0x00b8
                           0000B7   290 _IPH0	=	0x00b7
                           0000B2   291 _IPL1	=	0x00b2
                           0000B3   292 _IPH1	=	0x00b3
                           0000C0   293 _P4	=	0x00c0
                           0000E8   294 _P5	=	0x00e8
                           0000A6   295 _WDTRST	=	0x00a6
                           0000A7   296 _WDTPRG	=	0x00a7
                           0000A9   297 _SADDR	=	0x00a9
                           0000B9   298 _SADEN	=	0x00b9
                           0000C3   299 _SPCON	=	0x00c3
                           0000C4   300 _SPSTA	=	0x00c4
                           0000C5   301 _SPDAT	=	0x00c5
                           0000C9   302 _T2MOD	=	0x00c9
                           00009B   303 _BDRCON	=	0x009b
                           00009A   304 _BRL	=	0x009a
                           00009C   305 _KBLS	=	0x009c
                           00009D   306 _KBE	=	0x009d
                           00009E   307 _KBF	=	0x009e
                           0000D2   308 _EECON	=	0x00d2
                                    309 ;--------------------------------------------------------
                                    310 ; special function bits
                                    311 ;--------------------------------------------------------
                                    312 	.area RSEG    (ABS,DATA)
      000000                        313 	.org 0x0000
                           000080   314 _P0_0	=	0x0080
                           000081   315 _P0_1	=	0x0081
                           000082   316 _P0_2	=	0x0082
                           000083   317 _P0_3	=	0x0083
                           000084   318 _P0_4	=	0x0084
                           000085   319 _P0_5	=	0x0085
                           000086   320 _P0_6	=	0x0086
                           000087   321 _P0_7	=	0x0087
                           000088   322 _IT0	=	0x0088
                           000089   323 _IE0	=	0x0089
                           00008A   324 _IT1	=	0x008a
                           00008B   325 _IE1	=	0x008b
                           00008C   326 _TR0	=	0x008c
                           00008D   327 _TF0	=	0x008d
                           00008E   328 _TR1	=	0x008e
                           00008F   329 _TF1	=	0x008f
                           000090   330 _P1_0	=	0x0090
                           000091   331 _P1_1	=	0x0091
                           000092   332 _P1_2	=	0x0092
                           000093   333 _P1_3	=	0x0093
                           000094   334 _P1_4	=	0x0094
                           000095   335 _P1_5	=	0x0095
                           000096   336 _P1_6	=	0x0096
                           000097   337 _P1_7	=	0x0097
                           000098   338 _RI	=	0x0098
                           000099   339 _TI	=	0x0099
                           00009A   340 _RB8	=	0x009a
                           00009B   341 _TB8	=	0x009b
                           00009C   342 _REN	=	0x009c
                           00009D   343 _SM2	=	0x009d
                           00009E   344 _SM1	=	0x009e
                           00009F   345 _SM0	=	0x009f
                           0000A0   346 _P2_0	=	0x00a0
                           0000A1   347 _P2_1	=	0x00a1
                           0000A2   348 _P2_2	=	0x00a2
                           0000A3   349 _P2_3	=	0x00a3
                           0000A4   350 _P2_4	=	0x00a4
                           0000A5   351 _P2_5	=	0x00a5
                           0000A6   352 _P2_6	=	0x00a6
                           0000A7   353 _P2_7	=	0x00a7
                           0000A8   354 _EX0	=	0x00a8
                           0000A9   355 _ET0	=	0x00a9
                           0000AA   356 _EX1	=	0x00aa
                           0000AB   357 _ET1	=	0x00ab
                           0000AC   358 _ES	=	0x00ac
                           0000AF   359 _EA	=	0x00af
                           0000B0   360 _P3_0	=	0x00b0
                           0000B1   361 _P3_1	=	0x00b1
                           0000B2   362 _P3_2	=	0x00b2
                           0000B3   363 _P3_3	=	0x00b3
                           0000B4   364 _P3_4	=	0x00b4
                           0000B5   365 _P3_5	=	0x00b5
                           0000B6   366 _P3_6	=	0x00b6
                           0000B7   367 _P3_7	=	0x00b7
                           0000B0   368 _RXD	=	0x00b0
                           0000B1   369 _TXD	=	0x00b1
                           0000B2   370 _INT0	=	0x00b2
                           0000B3   371 _INT1	=	0x00b3
                           0000B4   372 _T0	=	0x00b4
                           0000B5   373 _T1	=	0x00b5
                           0000B6   374 _WR	=	0x00b6
                           0000B7   375 _RD	=	0x00b7
                           0000B8   376 _PX0	=	0x00b8
                           0000B9   377 _PT0	=	0x00b9
                           0000BA   378 _PX1	=	0x00ba
                           0000BB   379 _PT1	=	0x00bb
                           0000BC   380 _PS	=	0x00bc
                           0000D0   381 _P	=	0x00d0
                           0000D1   382 _F1	=	0x00d1
                           0000D2   383 _OV	=	0x00d2
                           0000D3   384 _RS0	=	0x00d3
                           0000D4   385 _RS1	=	0x00d4
                           0000D5   386 _F0	=	0x00d5
                           0000D6   387 _AC	=	0x00d6
                           0000D7   388 _CY	=	0x00d7
                           0000AD   389 _ET2	=	0x00ad
                           0000BD   390 _PT2	=	0x00bd
                           0000C8   391 _T2CON_0	=	0x00c8
                           0000C9   392 _T2CON_1	=	0x00c9
                           0000CA   393 _T2CON_2	=	0x00ca
                           0000CB   394 _T2CON_3	=	0x00cb
                           0000CC   395 _T2CON_4	=	0x00cc
                           0000CD   396 _T2CON_5	=	0x00cd
                           0000CE   397 _T2CON_6	=	0x00ce
                           0000CF   398 _T2CON_7	=	0x00cf
                           0000C8   399 _CP_RL2	=	0x00c8
                           0000C9   400 _C_T2	=	0x00c9
                           0000CA   401 _TR2	=	0x00ca
                           0000CB   402 _EXEN2	=	0x00cb
                           0000CC   403 _TCLK	=	0x00cc
                           0000CD   404 _RCLK	=	0x00cd
                           0000CE   405 _EXF2	=	0x00ce
                           0000CF   406 _TF2	=	0x00cf
                           0000DF   407 _CF	=	0x00df
                           0000DE   408 _CR	=	0x00de
                           0000DC   409 _CCF4	=	0x00dc
                           0000DB   410 _CCF3	=	0x00db
                           0000DA   411 _CCF2	=	0x00da
                           0000D9   412 _CCF1	=	0x00d9
                           0000D8   413 _CCF0	=	0x00d8
                           0000AE   414 _EC	=	0x00ae
                           0000BE   415 _PPCL	=	0x00be
                           0000BD   416 _PT2L	=	0x00bd
                           0000BC   417 _PSL	=	0x00bc
                           0000BB   418 _PT1L	=	0x00bb
                           0000BA   419 _PX1L	=	0x00ba
                           0000B9   420 _PT0L	=	0x00b9
                           0000B8   421 _PX0L	=	0x00b8
                           0000C0   422 _P4_0	=	0x00c0
                           0000C1   423 _P4_1	=	0x00c1
                           0000C2   424 _P4_2	=	0x00c2
                           0000C3   425 _P4_3	=	0x00c3
                           0000C4   426 _P4_4	=	0x00c4
                           0000C5   427 _P4_5	=	0x00c5
                           0000C6   428 _P4_6	=	0x00c6
                           0000C7   429 _P4_7	=	0x00c7
                           0000E8   430 _P5_0	=	0x00e8
                           0000E9   431 _P5_1	=	0x00e9
                           0000EA   432 _P5_2	=	0x00ea
                           0000EB   433 _P5_3	=	0x00eb
                           0000EC   434 _P5_4	=	0x00ec
                           0000ED   435 _P5_5	=	0x00ed
                           0000EE   436 _P5_6	=	0x00ee
                           0000EF   437 _P5_7	=	0x00ef
                                    438 ;--------------------------------------------------------
                                    439 ; overlayable register banks
                                    440 ;--------------------------------------------------------
                                    441 	.area REG_BANK_0	(REL,OVR,DATA)
      000000                        442 	.ds 8
                                    443 ;--------------------------------------------------------
                                    444 ; internal ram data
                                    445 ;--------------------------------------------------------
                                    446 	.area DSEG    (DATA)
      000000                        447 _ptr::
      000000                        448 	.ds 2
      000002                        449 _min_high:
      000002                        450 	.ds 1
      000003                        451 _min_low:
      000003                        452 	.ds 1
      000004                        453 _sec_high:
      000004                        454 	.ds 1
      000005                        455 _sec_low:
      000005                        456 	.ds 1
      000006                        457 _mili_sec:
      000006                        458 	.ds 1
      000007                        459 _clockrun_flag::
      000007                        460 	.ds 2
      000009                        461 _custom_char_code:
      000009                        462 	.ds 1
      00000A                        463 _elapsed_tick:
      00000A                        464 	.ds 4
      00000E                        465 _lcdgotoxy_PARM_2:
      00000E                        466 	.ds 1
      00000F                        467 _create_custom_character_c_65536_44:
      00000F                        468 	.ds 8
      000017                        469 _arrow_set_PARM_2:
      000017                        470 	.ds 1
      000018                        471 _arrow_set_PARM_3:
      000018                        472 	.ds 1
                                    473 ;--------------------------------------------------------
                                    474 ; overlayable items in internal ram
                                    475 ;--------------------------------------------------------
                                    476 	.area	OSEG    (OVR,DATA)
      000000                        477 _lcd_command_PARM_2:
      000000                        478 	.ds 1
      000001                        479 _lcd_command_PARM_3:
      000001                        480 	.ds 1
                                    481 ;--------------------------------------------------------
                                    482 ; indirectly addressable internal ram data
                                    483 ;--------------------------------------------------------
                                    484 	.area ISEG    (DATA)
                                    485 ;--------------------------------------------------------
                                    486 ; absolute internal ram data
                                    487 ;--------------------------------------------------------
                                    488 	.area IABS    (ABS,DATA)
                                    489 	.area IABS    (ABS,DATA)
                                    490 ;--------------------------------------------------------
                                    491 ; bit data
                                    492 ;--------------------------------------------------------
                                    493 	.area BSEG    (BIT)
      000000                        494 _lcdgotoxy_sloc0_1_0:
      000000                        495 	.ds 1
                                    496 ;--------------------------------------------------------
                                    497 ; paged external ram data
                                    498 ;--------------------------------------------------------
                                    499 	.area PSEG    (PAG,XDATA)
                                    500 ;--------------------------------------------------------
                                    501 ; external ram data
                                    502 ;--------------------------------------------------------
                                    503 	.area XSEG    (XDATA)
                                    504 ;--------------------------------------------------------
                                    505 ; absolute external ram data
                                    506 ;--------------------------------------------------------
                                    507 	.area XABS    (ABS,XDATA)
                                    508 ;--------------------------------------------------------
                                    509 ; external initialized ram data
                                    510 ;--------------------------------------------------------
                                    511 	.area XISEG   (XDATA)
      000000                        512 _db::
      000000                        513 	.ds 1
                                    514 	.area HOME    (CODE)
                                    515 	.area GSINIT0 (CODE)
                                    516 	.area GSINIT1 (CODE)
                                    517 	.area GSINIT2 (CODE)
                                    518 	.area GSINIT3 (CODE)
                                    519 	.area GSINIT4 (CODE)
                                    520 	.area GSINIT5 (CODE)
                                    521 	.area GSINIT  (CODE)
                                    522 	.area GSFINAL (CODE)
                                    523 	.area CSEG    (CODE)
                                    524 ;--------------------------------------------------------
                                    525 ; global & static initialisations
                                    526 ;--------------------------------------------------------
                                    527 	.area HOME    (CODE)
                                    528 	.area GSINIT  (CODE)
                                    529 	.area GSFINAL (CODE)
                                    530 	.area GSINIT  (CODE)
                                    531 ;	lcd.c:30: extern __xdata uint8_t * ptr = &db;
      000000 75*00r00         [24]  532 	mov	_ptr,#_db
      000003 75*01s00         [24]  533 	mov	(_ptr + 1),#(_db >> 8)
                                    534 ;	lcd.c:36: extern volatile unsigned int clockrun_flag = 0;
      000006 E4               [12]  535 	clr	a
      000007 F5*07            [12]  536 	mov	_clockrun_flag,a
      000009 F5*08            [12]  537 	mov	(_clockrun_flag + 1),a
                                    538 ;	lcd.c:38: static uint8_t custom_char_code = 1;
      00000B 75*09 01         [24]  539 	mov	_custom_char_code,#0x01
                                    540 ;	lcd.c:39: static uint32_t  elapsed_tick = 0;
      00000E F5*0A            [12]  541 	mov	_elapsed_tick,a
      000010 F5*0B            [12]  542 	mov	(_elapsed_tick + 1),a
      000012 F5*0C            [12]  543 	mov	(_elapsed_tick + 2),a
      000014 F5*0D            [12]  544 	mov	(_elapsed_tick + 3),a
                                    545 ;--------------------------------------------------------
                                    546 ; Home
                                    547 ;--------------------------------------------------------
                                    548 	.area HOME    (CODE)
                                    549 	.area HOME    (CODE)
                                    550 ;--------------------------------------------------------
                                    551 ; code
                                    552 ;--------------------------------------------------------
                                    553 	.area CSEG    (CODE)
                                    554 ;------------------------------------------------------------
                                    555 ;Allocation info for local variables in function 'lcd_command'
                                    556 ;------------------------------------------------------------
                                    557 ;r_w                       Allocated with name '_lcd_command_PARM_2'
                                    558 ;data                      Allocated with name '_lcd_command_PARM_3'
                                    559 ;rs                        Allocated to registers r7 
                                    560 ;------------------------------------------------------------
                                    561 ;	lcd.c:47: void lcd_command(uint8_t rs, uint8_t r_w, uint8_t data) {
                                    562 ;	-----------------------------------------
                                    563 ;	 function lcd_command
                                    564 ;	-----------------------------------------
      000000                        565 _lcd_command:
                           000007   566 	ar7 = 0x07
                           000006   567 	ar6 = 0x06
                           000005   568 	ar5 = 0x05
                           000004   569 	ar4 = 0x04
                           000003   570 	ar3 = 0x03
                           000002   571 	ar2 = 0x02
                           000001   572 	ar1 = 0x01
                           000000   573 	ar0 = 0x00
                                    574 ;	lcd.c:48: RS = rs;              // Set the Register Select pin based on the provided parameter.
                                    575 ;	assignBit
      000000 E5 82            [12]  576 	mov	a,dpl
      000002 24 FF            [12]  577 	add	a,#0xff
      000004 92 96            [24]  578 	mov	_P1_6,c
                                    579 ;	lcd.c:49: R_W = r_w;            // Set the Read/Write pin based on the provided parameter.
                                    580 ;	assignBit
      000006 E5*00            [12]  581 	mov	a,_lcd_command_PARM_2
      000008 24 FF            [12]  582 	add	a,#0xff
      00000A 92 97            [24]  583 	mov	_P1_7,c
                                    584 ;	lcd.c:50: *ptr = data;          // Write the specified data byte to the LCD data buffer.
      00000C 85*00 82         [24]  585 	mov	dpl,_ptr
      00000F 85*01 83         [24]  586 	mov	dph,(_ptr + 1)
      000012 E5*01            [12]  587 	mov	a,_lcd_command_PARM_3
      000014 F0               [24]  588 	movx	@dptr,a
                                    589 ;	lcd.c:51: }
      000015 22               [24]  590 	ret
                                    591 ;------------------------------------------------------------
                                    592 ;Allocation info for local variables in function 'lcdbusywait'
                                    593 ;------------------------------------------------------------
                                    594 ;	lcd.c:56: void lcdbusywait() {
                                    595 ;	-----------------------------------------
                                    596 ;	 function lcdbusywait
                                    597 ;	-----------------------------------------
      000016                        598 _lcdbusywait:
                                    599 ;	lcd.c:57: RS = PULSE_LOW;              // Set Register Select to indicate a command is being sent.
                                    600 ;	assignBit
      000016 C2 96            [12]  601 	clr	_P1_6
                                    602 ;	lcd.c:58: R_W = PULSE_HIGH;            // Set Read/Write to read from the LCD.
                                    603 ;	assignBit
      000018 D2 97            [12]  604 	setb	_P1_7
                                    605 ;	lcd.c:59: while (*ptr & (0b10000000)) {
      00001A                        606 00101$:
      00001A 85*00 82         [24]  607 	mov	dpl,_ptr
      00001D 85*01 83         [24]  608 	mov	dph,(_ptr + 1)
      000020 E0               [24]  609 	movx	a,@dptr
      000021 20 E7 F6         [24]  610 	jb	acc.7,00101$
                                    611 ;	lcd.c:62: }
      000024 22               [24]  612 	ret
                                    613 ;------------------------------------------------------------
                                    614 ;Allocation info for local variables in function 'lcdgotoaddr'
                                    615 ;------------------------------------------------------------
                                    616 ;addr                      Allocated to registers r7 
                                    617 ;------------------------------------------------------------
                                    618 ;	lcd.c:68: void lcdgotoaddr(uint8_t addr) {
                                    619 ;	-----------------------------------------
                                    620 ;	 function lcdgotoaddr
                                    621 ;	-----------------------------------------
      000025                        622 _lcdgotoaddr:
      000025 AF 82            [24]  623 	mov	r7,dpl
                                    624 ;	lcd.c:69: RS = PULSE_LOW;              // Set Register Select to indicate a command is being sent.
                                    625 ;	assignBit
      000027 C2 96            [12]  626 	clr	_P1_6
                                    627 ;	lcd.c:70: R_W = PULSE_LOW;             // Set Read/Write to write to the LCD.
                                    628 ;	assignBit
      000029 C2 97            [12]  629 	clr	_P1_7
                                    630 ;	lcd.c:71: *ptr = addr | (0x80);        // Set the cursor address with the command prefix (0x80).
      00002B 85*00 82         [24]  631 	mov	dpl,_ptr
      00002E 85*01 83         [24]  632 	mov	dph,(_ptr + 1)
      000031 43 07 80         [24]  633 	orl	ar7,#0x80
      000034 EF               [12]  634 	mov	a,r7
      000035 F0               [24]  635 	movx	@dptr,a
                                    636 ;	lcd.c:72: lcdbusywait();               // Wait until the LCD becomes idle.
                                    637 ;	lcd.c:73: }
      000036 02r00r16         [24]  638 	ljmp	_lcdbusywait
                                    639 ;------------------------------------------------------------
                                    640 ;Allocation info for local variables in function 'lcdgotoxy'
                                    641 ;------------------------------------------------------------
                                    642 ;column                    Allocated with name '_lcdgotoxy_PARM_2'
                                    643 ;row                       Allocated to registers r7 
                                    644 ;------------------------------------------------------------
                                    645 ;	lcd.c:80: void lcdgotoxy(uint8_t row, uint8_t column) {
                                    646 ;	-----------------------------------------
                                    647 ;	 function lcdgotoxy
                                    648 ;	-----------------------------------------
      000039                        649 _lcdgotoxy:
                                    650 ;	lcd.c:82: lcdgotoaddr(((row % 2) ? column + (16 * !(row % 3)) : column + 64 + (16 * !(row % 4))) - 1);
      000039 AE 82            [24]  651 	mov	r6,dpl
      00003B 7F 00            [12]  652 	mov	r7,#0x00
      00003D EE               [12]  653 	mov	a,r6
      00003E 30 E0 23         [24]  654 	jnb	acc.0,00103$
      000041 75*00 03         [24]  655 	mov	__modsint_PARM_2,#0x03
      000044 75*01 00         [24]  656 	mov	(__modsint_PARM_2 + 1),#0x00
      000047 8E 82            [24]  657 	mov	dpl,r6
      000049 8F 83            [24]  658 	mov	dph,r7
      00004B 12r00r00         [24]  659 	lcall	__modsint
      00004E AC 82            [24]  660 	mov	r4,dpl
      000050 AD 83            [24]  661 	mov	r5,dph
      000052 EC               [12]  662 	mov	a,r4
      000053 4D               [12]  663 	orl	a,r5
      000054 B4 01 00         [24]  664 	cjne	a,#0x01,00110$
      000057                        665 00110$:
      000057 92*00            [24]  666 	mov  _lcdgotoxy_sloc0_1_0,c
      000059 E4               [12]  667 	clr	a
      00005A 33               [12]  668 	rlc	a
      00005B C4               [12]  669 	swap	a
      00005C 54 F0            [12]  670 	anl	a,#0xf0
      00005E AC*0E            [24]  671 	mov	r4,_lcdgotoxy_PARM_2
      000060 2C               [12]  672 	add	a,r4
      000061 FD               [12]  673 	mov	r5,a
      000062 80 1A            [24]  674 	sjmp	00104$
      000064                        675 00103$:
      000064 AC*0E            [24]  676 	mov	r4,_lcdgotoxy_PARM_2
      000066 74 40            [12]  677 	mov	a,#0x40
      000068 2C               [12]  678 	add	a,r4
      000069 FC               [12]  679 	mov	r4,a
      00006A 53 06 03         [24]  680 	anl	ar6,#0x03
      00006D 7F 00            [12]  681 	mov	r7,#0x00
      00006F EE               [12]  682 	mov	a,r6
      000070 4F               [12]  683 	orl	a,r7
      000071 B4 01 00         [24]  684 	cjne	a,#0x01,00111$
      000074                        685 00111$:
      000074 92*00            [24]  686 	mov  _lcdgotoxy_sloc0_1_0,c
      000076 E4               [12]  687 	clr	a
      000077 33               [12]  688 	rlc	a
      000078 C4               [12]  689 	swap	a
      000079 54 F0            [12]  690 	anl	a,#0xf0
      00007B FF               [12]  691 	mov	r7,a
      00007C 2C               [12]  692 	add	a,r4
      00007D FD               [12]  693 	mov	r5,a
      00007E                        694 00104$:
      00007E ED               [12]  695 	mov	a,r5
      00007F 14               [12]  696 	dec	a
      000080 F5 82            [12]  697 	mov	dpl,a
                                    698 ;	lcd.c:83: }
      000082 02r00r25         [24]  699 	ljmp	_lcdgotoaddr
                                    700 ;------------------------------------------------------------
                                    701 ;Allocation info for local variables in function 'lcdputch'
                                    702 ;------------------------------------------------------------
                                    703 ;cc                        Allocated to registers r7 
                                    704 ;------------------------------------------------------------
                                    705 ;	lcd.c:89: void lcdputch(uint8_t cc) {
                                    706 ;	-----------------------------------------
                                    707 ;	 function lcdputch
                                    708 ;	-----------------------------------------
      000085                        709 _lcdputch:
      000085 AF 82            [24]  710 	mov	r7,dpl
                                    711 ;	lcd.c:91: RS = PULSE_HIGH;
                                    712 ;	assignBit
      000087 D2 96            [12]  713 	setb	_P1_6
                                    714 ;	lcd.c:92: R_W = PULSE_LOW;
                                    715 ;	assignBit
      000089 C2 97            [12]  716 	clr	_P1_7
                                    717 ;	lcd.c:93: *ptr = cc;
      00008B 85*00 82         [24]  718 	mov	dpl,_ptr
      00008E 85*01 83         [24]  719 	mov	dph,(_ptr + 1)
      000091 EF               [12]  720 	mov	a,r7
      000092 F0               [24]  721 	movx	@dptr,a
                                    722 ;	lcd.c:94: lcdbusywait();  // Wait until the LCD is not busy before performing the next operation.
                                    723 ;	lcd.c:95: }
      000093 02r00r16         [24]  724 	ljmp	_lcdbusywait
                                    725 ;------------------------------------------------------------
                                    726 ;Allocation info for local variables in function 'lcdputstr'
                                    727 ;------------------------------------------------------------
                                    728 ;ss                        Allocated to registers 
                                    729 ;lcd_ptr_addr              Allocated to registers r4 
                                    730 ;------------------------------------------------------------
                                    731 ;	lcd.c:102: void lcdputstr(uint8_t *ss) {
                                    732 ;	-----------------------------------------
                                    733 ;	 function lcdputstr
                                    734 ;	-----------------------------------------
      000096                        735 _lcdputstr:
      000096 AD 82            [24]  736 	mov	r5,dpl
      000098 AE 83            [24]  737 	mov	r6,dph
      00009A AF F0            [24]  738 	mov	r7,b
                                    739 ;	lcd.c:106: while (*ss != '\0') {
      00009C                        740 00107$:
      00009C 8D 82            [24]  741 	mov	dpl,r5
      00009E 8E 83            [24]  742 	mov	dph,r6
      0000A0 8F F0            [24]  743 	mov	b,r7
      0000A2 12r00r00         [24]  744 	lcall	__gptrget
      0000A5 70 01            [24]  745 	jnz	00137$
      0000A7 22               [24]  746 	ret
      0000A8                        747 00137$:
                                    748 ;	lcd.c:108: RS = PULSE_LOW;
                                    749 ;	assignBit
      0000A8 C2 96            [12]  750 	clr	_P1_6
                                    751 ;	lcd.c:109: R_W = PULSE_HIGH;
                                    752 ;	assignBit
      0000AA D2 97            [12]  753 	setb	_P1_7
                                    754 ;	lcd.c:110: lcdputch(*ss);
      0000AC 8D 82            [24]  755 	mov	dpl,r5
      0000AE 8E 83            [24]  756 	mov	dph,r6
      0000B0 8F F0            [24]  757 	mov	b,r7
      0000B2 12r00r00         [24]  758 	lcall	__gptrget
      0000B5 F5 82            [12]  759 	mov	dpl,a
      0000B7 C0 07            [24]  760 	push	ar7
      0000B9 C0 06            [24]  761 	push	ar6
      0000BB C0 05            [24]  762 	push	ar5
      0000BD 12r00r85         [24]  763 	lcall	_lcdputch
      0000C0 D0 05            [24]  764 	pop	ar5
      0000C2 D0 06            [24]  765 	pop	ar6
      0000C4 D0 07            [24]  766 	pop	ar7
                                    767 ;	lcd.c:113: lcd_ptr_addr = *ptr & (0b01111111);
      0000C6 85*00 82         [24]  768 	mov	dpl,_ptr
      0000C9 85*01 83         [24]  769 	mov	dph,(_ptr + 1)
      0000CC E0               [24]  770 	movx	a,@dptr
      0000CD FC               [12]  771 	mov	r4,a
      0000CE 53 04 7F         [24]  772 	anl	ar4,#0x7f
                                    773 ;	lcd.c:114: switch (lcd_ptr_addr) {
      0000D1 BC 10 02         [24]  774 	cjne	r4,#0x10,00138$
      0000D4 80 0F            [24]  775 	sjmp	00101$
      0000D6                        776 00138$:
      0000D6 BC 20 02         [24]  777 	cjne	r4,#0x20,00139$
      0000D9 80 32            [24]  778 	sjmp	00103$
      0000DB                        779 00139$:
      0000DB BC 50 02         [24]  780 	cjne	r4,#0x50,00140$
      0000DE 80 19            [24]  781 	sjmp	00102$
      0000E0                        782 00140$:
                                    783 ;	lcd.c:115: case 0x10:
      0000E0 BC 60 50         [24]  784 	cjne	r4,#0x60,00106$
      0000E3 80 3C            [24]  785 	sjmp	00104$
      0000E5                        786 00101$:
                                    787 ;	lcd.c:116: lcdgotoaddr(0x40);
      0000E5 75 82 40         [24]  788 	mov	dpl,#0x40
      0000E8 C0 07            [24]  789 	push	ar7
      0000EA C0 06            [24]  790 	push	ar6
      0000EC C0 05            [24]  791 	push	ar5
      0000EE 12r00r25         [24]  792 	lcall	_lcdgotoaddr
      0000F1 D0 05            [24]  793 	pop	ar5
      0000F3 D0 06            [24]  794 	pop	ar6
      0000F5 D0 07            [24]  795 	pop	ar7
                                    796 ;	lcd.c:117: break;
                                    797 ;	lcd.c:118: case 0x50:
      0000F7 80 3A            [24]  798 	sjmp	00106$
      0000F9                        799 00102$:
                                    800 ;	lcd.c:119: lcdgotoaddr(0x10);
      0000F9 75 82 10         [24]  801 	mov	dpl,#0x10
      0000FC C0 07            [24]  802 	push	ar7
      0000FE C0 06            [24]  803 	push	ar6
      000100 C0 05            [24]  804 	push	ar5
      000102 12r00r25         [24]  805 	lcall	_lcdgotoaddr
      000105 D0 05            [24]  806 	pop	ar5
      000107 D0 06            [24]  807 	pop	ar6
      000109 D0 07            [24]  808 	pop	ar7
                                    809 ;	lcd.c:120: break;
                                    810 ;	lcd.c:121: case 0x20:
      00010B 80 26            [24]  811 	sjmp	00106$
      00010D                        812 00103$:
                                    813 ;	lcd.c:122: lcdgotoaddr(0x50);
      00010D 75 82 50         [24]  814 	mov	dpl,#0x50
      000110 C0 07            [24]  815 	push	ar7
      000112 C0 06            [24]  816 	push	ar6
      000114 C0 05            [24]  817 	push	ar5
      000116 12r00r25         [24]  818 	lcall	_lcdgotoaddr
      000119 D0 05            [24]  819 	pop	ar5
      00011B D0 06            [24]  820 	pop	ar6
      00011D D0 07            [24]  821 	pop	ar7
                                    822 ;	lcd.c:123: break;
                                    823 ;	lcd.c:124: case 0x60:
      00011F 80 12            [24]  824 	sjmp	00106$
      000121                        825 00104$:
                                    826 ;	lcd.c:125: lcdgotoaddr(0x00);
      000121 75 82 00         [24]  827 	mov	dpl,#0x00
      000124 C0 07            [24]  828 	push	ar7
      000126 C0 06            [24]  829 	push	ar6
      000128 C0 05            [24]  830 	push	ar5
      00012A 12r00r25         [24]  831 	lcall	_lcdgotoaddr
      00012D D0 05            [24]  832 	pop	ar5
      00012F D0 06            [24]  833 	pop	ar6
      000131 D0 07            [24]  834 	pop	ar7
                                    835 ;	lcd.c:129: }
      000133                        836 00106$:
                                    837 ;	lcd.c:131: ss++;  // Move to the next character in the string.
      000133 0D               [12]  838 	inc	r5
      000134 BD 00 01         [24]  839 	cjne	r5,#0x00,00142$
      000137 0E               [12]  840 	inc	r6
      000138                        841 00142$:
                                    842 ;	lcd.c:133: }
      000138 02r00r9C         [24]  843 	ljmp	00107$
                                    844 ;------------------------------------------------------------
                                    845 ;Allocation info for local variables in function 'lcdinit'
                                    846 ;------------------------------------------------------------
                                    847 ;	lcd.c:138: void lcdinit() {
                                    848 ;	-----------------------------------------
                                    849 ;	 function lcdinit
                                    850 ;	-----------------------------------------
      00013B                        851 _lcdinit:
                                    852 ;	lcd.c:140: delay(14000);
      00013B 90 36 B0         [24]  853 	mov	dptr,#0x36b0
      00013E E4               [12]  854 	clr	a
      00013F F5 F0            [12]  855 	mov	b,a
      000141 12r00r00         [24]  856 	lcall	_delay
                                    857 ;	lcd.c:143: lcd_command(0, 0, 0x30);
      000144 75*00 00         [24]  858 	mov	_lcd_command_PARM_2,#0x00
      000147 75*01 30         [24]  859 	mov	_lcd_command_PARM_3,#0x30
      00014A 75 82 00         [24]  860 	mov	dpl,#0x00
      00014D 12r00r00         [24]  861 	lcall	_lcd_command
                                    862 ;	lcd.c:144: delay(4000); // Wait for 4.1ms (1.085us * 4000 ~= 4.1ms)
      000150 90 0F A0         [24]  863 	mov	dptr,#0x0fa0
      000153 E4               [12]  864 	clr	a
      000154 F5 F0            [12]  865 	mov	b,a
      000156 12r00r00         [24]  866 	lcall	_delay
                                    867 ;	lcd.c:145: lcd_command(0, 0, 0x30);
      000159 75*00 00         [24]  868 	mov	_lcd_command_PARM_2,#0x00
      00015C 75*01 30         [24]  869 	mov	_lcd_command_PARM_3,#0x30
      00015F 75 82 00         [24]  870 	mov	dpl,#0x00
      000162 12r00r00         [24]  871 	lcall	_lcd_command
                                    872 ;	lcd.c:146: delay(100);  // Wait for 100us (1.085us * 100 ~= 100us)
      000165 90 00 64         [24]  873 	mov	dptr,#(0x64&0x00ff)
      000168 E4               [12]  874 	clr	a
      000169 F5 F0            [12]  875 	mov	b,a
      00016B 12r00r00         [24]  876 	lcall	_delay
                                    877 ;	lcd.c:147: lcd_command(0, 0, 0x30);
      00016E 75*00 00         [24]  878 	mov	_lcd_command_PARM_2,#0x00
      000171 75*01 30         [24]  879 	mov	_lcd_command_PARM_3,#0x30
      000174 75 82 00         [24]  880 	mov	dpl,#0x00
      000177 12r00r00         [24]  881 	lcall	_lcd_command
                                    882 ;	lcd.c:149: lcdbusywait();  // Wait for the LCD to finish processing the commands.
      00017A 12r00r16         [24]  883 	lcall	_lcdbusywait
                                    884 ;	lcd.c:151: lcd_command(0, 0, 0x38);  // Function set command
      00017D 75*00 00         [24]  885 	mov	_lcd_command_PARM_2,#0x00
      000180 75*01 38         [24]  886 	mov	_lcd_command_PARM_3,#0x38
      000183 75 82 00         [24]  887 	mov	dpl,#0x00
      000186 12r00r00         [24]  888 	lcall	_lcd_command
                                    889 ;	lcd.c:152: lcdbusywait();
      000189 12r00r16         [24]  890 	lcall	_lcdbusywait
                                    891 ;	lcd.c:154: lcd_command(0, 0, 0x08);  // Turn off display command
      00018C 75*00 00         [24]  892 	mov	_lcd_command_PARM_2,#0x00
      00018F 75*01 08         [24]  893 	mov	_lcd_command_PARM_3,#0x08
      000192 75 82 00         [24]  894 	mov	dpl,#0x00
      000195 12r00r00         [24]  895 	lcall	_lcd_command
                                    896 ;	lcd.c:155: lcdbusywait();
      000198 12r00r16         [24]  897 	lcall	_lcdbusywait
                                    898 ;	lcd.c:157: lcd_command(0, 0, 0x0C);  // Turn on display command
      00019B 75*00 00         [24]  899 	mov	_lcd_command_PARM_2,#0x00
      00019E 75*01 0C         [24]  900 	mov	_lcd_command_PARM_3,#0x0c
      0001A1 75 82 00         [24]  901 	mov	dpl,#0x00
      0001A4 12r00r00         [24]  902 	lcall	_lcd_command
                                    903 ;	lcd.c:158: lcdbusywait();
      0001A7 12r00r16         [24]  904 	lcall	_lcdbusywait
                                    905 ;	lcd.c:160: lcd_command(0, 0, 0x06);  // Entry mode set command
      0001AA 75*00 00         [24]  906 	mov	_lcd_command_PARM_2,#0x00
      0001AD 75*01 06         [24]  907 	mov	_lcd_command_PARM_3,#0x06
      0001B0 75 82 00         [24]  908 	mov	dpl,#0x00
      0001B3 12r00r00         [24]  909 	lcall	_lcd_command
                                    910 ;	lcd.c:161: lcdbusywait();
      0001B6 12r00r16         [24]  911 	lcall	_lcdbusywait
                                    912 ;	lcd.c:163: lcd_command(0, 0, 0x01);  // Clear screen and send the cursor home command
      0001B9 75*00 00         [24]  913 	mov	_lcd_command_PARM_2,#0x00
      0001BC 75*01 01         [24]  914 	mov	_lcd_command_PARM_3,#0x01
      0001BF 75 82 00         [24]  915 	mov	dpl,#0x00
                                    916 ;	lcd.c:164: }
      0001C2 02r00r00         [24]  917 	ljmp	_lcd_command
                                    918 ;------------------------------------------------------------
                                    919 ;Allocation info for local variables in function 'lcdclear'
                                    920 ;------------------------------------------------------------
                                    921 ;	lcd.c:169: void lcdclear() {
                                    922 ;	-----------------------------------------
                                    923 ;	 function lcdclear
                                    924 ;	-----------------------------------------
      0001C5                        925 _lcdclear:
                                    926 ;	lcd.c:170: RS = PULSE_LOW;
                                    927 ;	assignBit
      0001C5 C2 96            [12]  928 	clr	_P1_6
                                    929 ;	lcd.c:171: R_W = PULSE_LOW;
                                    930 ;	assignBit
      0001C7 C2 97            [12]  931 	clr	_P1_7
                                    932 ;	lcd.c:172: *ptr = 0b00000001;  // Send the command to clear the screen.
      0001C9 85*00 82         [24]  933 	mov	dpl,_ptr
      0001CC 85*01 83         [24]  934 	mov	dph,(_ptr + 1)
      0001CF 74 01            [12]  935 	mov	a,#0x01
      0001D1 F0               [24]  936 	movx	@dptr,a
                                    937 ;	lcd.c:173: lcdbusywait();      // Wait for the LCD to finish processing the command.
                                    938 ;	lcd.c:174: }
      0001D2 02r00r16         [24]  939 	ljmp	_lcdbusywait
                                    940 ;------------------------------------------------------------
                                    941 ;Allocation info for local variables in function 'test_functionality'
                                    942 ;------------------------------------------------------------
                                    943 ;	lcd.c:179: void test_functionality() {
                                    944 ;	-----------------------------------------
                                    945 ;	 function test_functionality
                                    946 ;	-----------------------------------------
      0001D5                        947 _test_functionality:
                                    948 ;	lcd.c:180: printf_tiny("test_functionality start\n\r");
      0001D5 74r00            [12]  949 	mov	a,#___str_0
      0001D7 C0 E0            [24]  950 	push	acc
      0001D9 74s00            [12]  951 	mov	a,#(___str_0 >> 8)
      0001DB C0 E0            [24]  952 	push	acc
      0001DD 12r00r00         [24]  953 	lcall	_printf_tiny
      0001E0 15 81            [12]  954 	dec	sp
      0001E2 15 81            [12]  955 	dec	sp
                                    956 ;	lcd.c:183: lcdgotoaddr(0x01);
      0001E4 75 82 01         [24]  957 	mov	dpl,#0x01
      0001E7 12r00r25         [24]  958 	lcall	_lcdgotoaddr
                                    959 ;	lcd.c:184: lcdputch('E');
      0001EA 75 82 45         [24]  960 	mov	dpl,#0x45
      0001ED 12r00r85         [24]  961 	lcall	_lcdputch
                                    962 ;	lcd.c:185: delay(100000);
      0001F0 90 86 A0         [24]  963 	mov	dptr,#0x86a0
      0001F3 75 F0 01         [24]  964 	mov	b,#0x01
      0001F6 E4               [12]  965 	clr	a
      0001F7 12r00r00         [24]  966 	lcall	_delay
                                    967 ;	lcd.c:188: lcdgotoxy(1, 1);
      0001FA 75*0E 01         [24]  968 	mov	_lcdgotoxy_PARM_2,#0x01
      0001FD 75 82 01         [24]  969 	mov	dpl,#0x01
      000200 12r00r39         [24]  970 	lcall	_lcdgotoxy
                                    971 ;	lcd.c:189: lcdputstr("ABCDEFGHIJKLMNOPQRSTUVWXYZ123456789abcdefghijklmnopqrstuvwxyzJITHU");
      000203 90r00r1B         [24]  972 	mov	dptr,#___str_1
      000206 75 F0 80         [24]  973 	mov	b,#0x80
      000209 12r00r96         [24]  974 	lcall	_lcdputstr
                                    975 ;	lcd.c:190: delay(100000);
      00020C 90 86 A0         [24]  976 	mov	dptr,#0x86a0
      00020F 75 F0 01         [24]  977 	mov	b,#0x01
      000212 E4               [12]  978 	clr	a
      000213 12r00r00         [24]  979 	lcall	_delay
                                    980 ;	lcd.c:193: create_custom_character(custom_char_code);
      000216 85*09 82         [24]  981 	mov	dpl,_custom_char_code
      000219 12r02r56         [24]  982 	lcall	_create_custom_character
                                    983 ;	lcd.c:194: lcdgotoaddr(0x0F);
      00021C 75 82 0F         [24]  984 	mov	dpl,#0x0f
      00021F 12r00r25         [24]  985 	lcall	_lcdgotoaddr
                                    986 ;	lcd.c:195: lcdputch(custom_char_code);
      000222 85*09 82         [24]  987 	mov	dpl,_custom_char_code
      000225 12r00r85         [24]  988 	lcall	_lcdputch
                                    989 ;	lcd.c:196: delay(100000);
      000228 90 86 A0         [24]  990 	mov	dptr,#0x86a0
      00022B 75 F0 01         [24]  991 	mov	b,#0x01
      00022E E4               [12]  992 	clr	a
      00022F 12r00r00         [24]  993 	lcall	_delay
                                    994 ;	lcd.c:199: lcdclear();
      000232 12r01rC5         [24]  995 	lcall	_lcdclear
                                    996 ;	lcd.c:201: printf_tiny("test_functionality end\n\r");
      000235 74r5E            [12]  997 	mov	a,#___str_2
      000237 C0 E0            [24]  998 	push	acc
      000239 74s00            [12]  999 	mov	a,#(___str_2 >> 8)
      00023B C0 E0            [24] 1000 	push	acc
      00023D 12r00r00         [24] 1001 	lcall	_printf_tiny
      000240 15 81            [12] 1002 	dec	sp
      000242 15 81            [12] 1003 	dec	sp
                                   1004 ;	lcd.c:202: }
      000244 22               [24] 1005 	ret
                                   1006 ;------------------------------------------------------------
                                   1007 ;Allocation info for local variables in function 'set_cgram_address'
                                   1008 ;------------------------------------------------------------
                                   1009 ;cgram_address             Allocated to registers r7 
                                   1010 ;------------------------------------------------------------
                                   1011 ;	lcd.c:209: void set_cgram_address(uint8_t cgram_address) {
                                   1012 ;	-----------------------------------------
                                   1013 ;	 function set_cgram_address
                                   1014 ;	-----------------------------------------
      000245                       1015 _set_cgram_address:
      000245 AF 82            [24] 1016 	mov	r7,dpl
                                   1017 ;	lcd.c:210: RS = PULSE_LOW;
                                   1018 ;	assignBit
      000247 C2 96            [12] 1019 	clr	_P1_6
                                   1020 ;	lcd.c:211: R_W = PULSE_LOW;
                                   1021 ;	assignBit
      000249 C2 97            [12] 1022 	clr	_P1_7
                                   1023 ;	lcd.c:212: *ptr = cgram_address;
      00024B 85*00 82         [24] 1024 	mov	dpl,_ptr
      00024E 85*01 83         [24] 1025 	mov	dph,(_ptr + 1)
      000251 EF               [12] 1026 	mov	a,r7
      000252 F0               [24] 1027 	movx	@dptr,a
                                   1028 ;	lcd.c:213: lcdbusywait();
                                   1029 ;	lcd.c:214: }
      000253 02r00r16         [24] 1030 	ljmp	_lcdbusywait
                                   1031 ;------------------------------------------------------------
                                   1032 ;Allocation info for local variables in function 'create_custom_character'
                                   1033 ;------------------------------------------------------------
                                   1034 ;char_num                  Allocated to registers r7 
                                   1035 ;c                         Allocated with name '_create_custom_character_c_65536_44'
                                   1036 ;i                         Allocated to registers r5 r6 
                                   1037 ;cgram_address             Allocated to registers 
                                   1038 ;------------------------------------------------------------
                                   1039 ;	lcd.c:220: void create_custom_character(uint8_t char_num) {
                                   1040 ;	-----------------------------------------
                                   1041 ;	 function create_custom_character
                                   1042 ;	-----------------------------------------
      000256                       1043 _create_custom_character:
      000256 AF 82            [24] 1044 	mov	r7,dpl
                                   1045 ;	lcd.c:222: uint8_t c[8] =
      000258 75*0F 04         [24] 1046 	mov	_create_custom_character_c_65536_44,#0x04
      00025B 75*10 0E         [24] 1047 	mov	(_create_custom_character_c_65536_44 + 0x0001),#0x0e
      00025E 75*11 04         [24] 1048 	mov	(_create_custom_character_c_65536_44 + 0x0002),#0x04
      000261 75*12 04         [24] 1049 	mov	(_create_custom_character_c_65536_44 + 0x0003),#0x04
      000264 75*13 04         [24] 1050 	mov	(_create_custom_character_c_65536_44 + 0x0004),#0x04
      000267 75*14 04         [24] 1051 	mov	(_create_custom_character_c_65536_44 + 0x0005),#0x04
      00026A 75*15 04         [24] 1052 	mov	(_create_custom_character_c_65536_44 + 0x0006),#0x04
      00026D 75*16 0A         [24] 1053 	mov	(_create_custom_character_c_65536_44 + 0x0007),#0x0a
                                   1054 ;	lcd.c:234: for(int i = 0; i < BYTE_LENGTH; i++) {
      000270 7D 00            [12] 1055 	mov	r5,#0x00
      000272 7E 00            [12] 1056 	mov	r6,#0x00
      000274                       1057 00103$:
      000274 C3               [12] 1058 	clr	c
      000275 ED               [12] 1059 	mov	a,r5
      000276 94 08            [12] 1060 	subb	a,#0x08
      000278 EE               [12] 1061 	mov	a,r6
      000279 64 80            [12] 1062 	xrl	a,#0x80
      00027B 94 80            [12] 1063 	subb	a,#0x80
      00027D 50 34            [24] 1064 	jnc	00105$
                                   1065 ;	lcd.c:236: uint8_t cgram_address = 0b01000000 | (char_num << 3) | i;
      00027F 8F 04            [24] 1066 	mov	ar4,r7
      000281 EC               [12] 1067 	mov	a,r4
      000282 C4               [12] 1068 	swap	a
      000283 03               [12] 1069 	rr	a
      000284 54 F8            [12] 1070 	anl	a,#0xf8
      000286 FC               [12] 1071 	mov	r4,a
      000287 43 04 40         [24] 1072 	orl	ar4,#0x40
      00028A 8D 03            [24] 1073 	mov	ar3,r5
      00028C EB               [12] 1074 	mov	a,r3
      00028D 4C               [12] 1075 	orl	a,r4
      00028E F5 82            [12] 1076 	mov	dpl,a
                                   1077 ;	lcd.c:239: set_cgram_address(cgram_address);
      000290 C0 07            [24] 1078 	push	ar7
      000292 C0 06            [24] 1079 	push	ar6
      000294 C0 05            [24] 1080 	push	ar5
      000296 12r02r45         [24] 1081 	lcall	_set_cgram_address
      000299 D0 05            [24] 1082 	pop	ar5
                                   1083 ;	lcd.c:242: lcdputch(c[i]);
      00029B ED               [12] 1084 	mov	a,r5
      00029C 24r0F            [12] 1085 	add	a,#_create_custom_character_c_65536_44
      00029E F9               [12] 1086 	mov	r1,a
      00029F 87 82            [24] 1087 	mov	dpl,@r1
      0002A1 C0 05            [24] 1088 	push	ar5
      0002A3 12r00r85         [24] 1089 	lcall	_lcdputch
      0002A6 D0 05            [24] 1090 	pop	ar5
      0002A8 D0 06            [24] 1091 	pop	ar6
      0002AA D0 07            [24] 1092 	pop	ar7
                                   1093 ;	lcd.c:234: for(int i = 0; i < BYTE_LENGTH; i++) {
      0002AC 0D               [12] 1094 	inc	r5
      0002AD BD 00 C4         [24] 1095 	cjne	r5,#0x00,00103$
      0002B0 0E               [12] 1096 	inc	r6
      0002B1 80 C1            [24] 1097 	sjmp	00103$
      0002B3                       1098 00105$:
                                   1099 ;	lcd.c:244: }
      0002B3 22               [24] 1100 	ret
                                   1101 ;------------------------------------------------------------
                                   1102 ;Allocation info for local variables in function 'reset_clock'
                                   1103 ;------------------------------------------------------------
                                   1104 ;	lcd.c:250: void reset_clock() {
                                   1105 ;	-----------------------------------------
                                   1106 ;	 function reset_clock
                                   1107 ;	-----------------------------------------
      0002B4                       1108 _reset_clock:
                                   1109 ;	lcd.c:252: min_high = '0';
      0002B4 75*02 30         [24] 1110 	mov	_min_high,#0x30
                                   1111 ;	lcd.c:253: min_low = '0';
      0002B7 75*03 30         [24] 1112 	mov	_min_low,#0x30
                                   1113 ;	lcd.c:254: sec_high = '0';
      0002BA 75*04 30         [24] 1114 	mov	_sec_high,#0x30
                                   1115 ;	lcd.c:255: sec_low = '0';
      0002BD 75*05 30         [24] 1116 	mov	_sec_low,#0x30
                                   1117 ;	lcd.c:256: mili_sec = '0';
      0002C0 75*06 30         [24] 1118 	mov	_mili_sec,#0x30
                                   1119 ;	lcd.c:259: lcdgotoaddr(0x59);
      0002C3 75 82 59         [24] 1120 	mov	dpl,#0x59
      0002C6 12r00r25         [24] 1121 	lcall	_lcdgotoaddr
                                   1122 ;	lcd.c:260: lcdputch(min_high);
      0002C9 85*02 82         [24] 1123 	mov	dpl,_min_high
      0002CC 12r00r85         [24] 1124 	lcall	_lcdputch
                                   1125 ;	lcd.c:261: lcdputch(min_low);
      0002CF 85*03 82         [24] 1126 	mov	dpl,_min_low
      0002D2 12r00r85         [24] 1127 	lcall	_lcdputch
                                   1128 ;	lcd.c:262: lcdputch(':');
      0002D5 75 82 3A         [24] 1129 	mov	dpl,#0x3a
      0002D8 12r00r85         [24] 1130 	lcall	_lcdputch
                                   1131 ;	lcd.c:263: lcdputch(sec_high);
      0002DB 85*04 82         [24] 1132 	mov	dpl,_sec_high
      0002DE 12r00r85         [24] 1133 	lcall	_lcdputch
                                   1134 ;	lcd.c:264: lcdputch(sec_low);
      0002E1 85*05 82         [24] 1135 	mov	dpl,_sec_low
      0002E4 12r00r85         [24] 1136 	lcall	_lcdputch
                                   1137 ;	lcd.c:265: lcdputch('.');
      0002E7 75 82 2E         [24] 1138 	mov	dpl,#0x2e
      0002EA 12r00r85         [24] 1139 	lcall	_lcdputch
                                   1140 ;	lcd.c:266: lcdputch(mili_sec);
      0002ED 85*06 82         [24] 1141 	mov	dpl,_mili_sec
                                   1142 ;	lcd.c:267: }
      0002F0 02r00r85         [24] 1143 	ljmp	_lcdputch
                                   1144 ;------------------------------------------------------------
                                   1145 ;Allocation info for local variables in function 'clock_run'
                                   1146 ;------------------------------------------------------------
                                   1147 ;	lcd.c:272: void clock_run() {
                                   1148 ;	-----------------------------------------
                                   1149 ;	 function clock_run
                                   1150 ;	-----------------------------------------
      0002F3                       1151 _clock_run:
                                   1152 ;	lcd.c:274: if (clockrun_flag && ((tick % 2) == 0) && (tick > elapsed_tick)) {
      0002F3 E5*07            [12] 1153 	mov	a,_clockrun_flag
      0002F5 45*08            [12] 1154 	orl	a,(_clockrun_flag + 1)
      0002F7 70 01            [24] 1155 	jnz	00149$
      0002F9 22               [24] 1156 	ret
      0002FA                       1157 00149$:
      0002FA E5*00            [12] 1158 	mov	a,_tick
      0002FC 30 E0 01         [24] 1159 	jnb	acc.0,00150$
      0002FF 22               [24] 1160 	ret
      000300                       1161 00150$:
      000300 AC*00            [24] 1162 	mov	r4,_tick
      000302 AD*01            [24] 1163 	mov	r5,(_tick + 1)
      000304 7E 00            [12] 1164 	mov	r6,#0x00
      000306 7F 00            [12] 1165 	mov	r7,#0x00
      000308 C3               [12] 1166 	clr	c
      000309 E5*0A            [12] 1167 	mov	a,_elapsed_tick
      00030B 9C               [12] 1168 	subb	a,r4
      00030C E5*0B            [12] 1169 	mov	a,(_elapsed_tick + 1)
      00030E 9D               [12] 1170 	subb	a,r5
      00030F E5*0C            [12] 1171 	mov	a,(_elapsed_tick + 2)
      000311 9E               [12] 1172 	subb	a,r6
      000312 E5*0D            [12] 1173 	mov	a,(_elapsed_tick + 3)
      000314 9F               [12] 1174 	subb	a,r7
      000315 40 01            [24] 1175 	jc	00151$
      000317 22               [24] 1176 	ret
      000318                       1177 00151$:
                                   1178 ;	lcd.c:275: elapsed_tick = tick;  // Update the elapsed tick
      000318 85*00*0A         [24] 1179 	mov	_elapsed_tick,_tick
      00031B 85*01*0B         [24] 1180 	mov	(_elapsed_tick + 1),(_tick + 1)
      00031E 75*0C 00         [24] 1181 	mov	(_elapsed_tick + 2),#0x00
      000321 75*0D 00         [24] 1182 	mov	(_elapsed_tick + 3),#0x00
                                   1183 ;	lcd.c:277: mili_sec++;  // Increment milliseconds
      000324 05*06            [12] 1184 	inc	_mili_sec
                                   1185 ;	lcd.c:278: if (mili_sec > '9') {
      000326 E5*06            [12] 1186 	mov	a,_mili_sec
      000328 24 C6            [12] 1187 	add	a,#0xff - 0x39
      00032A 50 1D            [24] 1188 	jnc	00102$
                                   1189 ;	lcd.c:279: mili_sec = '0';
      00032C 75*06 30         [24] 1190 	mov	_mili_sec,#0x30
                                   1191 ;	lcd.c:280: lcdgotoaddr(0x5F);
      00032F 75 82 5F         [24] 1192 	mov	dpl,#0x5f
      000332 12r00r25         [24] 1193 	lcall	_lcdgotoaddr
                                   1194 ;	lcd.c:281: lcdputch(mili_sec);
      000335 85*06 82         [24] 1195 	mov	dpl,_mili_sec
      000338 12r00r85         [24] 1196 	lcall	_lcdputch
                                   1197 ;	lcd.c:282: sec_low++;
      00033B 05*05            [12] 1198 	inc	_sec_low
                                   1199 ;	lcd.c:283: lcdgotoaddr(0x5D);
      00033D 75 82 5D         [24] 1200 	mov	dpl,#0x5d
      000340 12r00r25         [24] 1201 	lcall	_lcdgotoaddr
                                   1202 ;	lcd.c:284: lcdputch(sec_low);
      000343 85*05 82         [24] 1203 	mov	dpl,_sec_low
      000346 12r00r85         [24] 1204 	lcall	_lcdputch
      000349                       1205 00102$:
                                   1206 ;	lcd.c:286: if (sec_low > '9') {
      000349 E5*05            [12] 1207 	mov	a,_sec_low
      00034B 24 C6            [12] 1208 	add	a,#0xff - 0x39
      00034D 50 1D            [24] 1209 	jnc	00104$
                                   1210 ;	lcd.c:287: sec_low = '0';
      00034F 75*05 30         [24] 1211 	mov	_sec_low,#0x30
                                   1212 ;	lcd.c:288: lcdgotoaddr(0x5D);
      000352 75 82 5D         [24] 1213 	mov	dpl,#0x5d
      000355 12r00r25         [24] 1214 	lcall	_lcdgotoaddr
                                   1215 ;	lcd.c:289: lcdputch(sec_low);
      000358 85*05 82         [24] 1216 	mov	dpl,_sec_low
      00035B 12r00r85         [24] 1217 	lcall	_lcdputch
                                   1218 ;	lcd.c:290: sec_high++;
      00035E 05*04            [12] 1219 	inc	_sec_high
                                   1220 ;	lcd.c:291: lcdgotoaddr(0x5C);
      000360 75 82 5C         [24] 1221 	mov	dpl,#0x5c
      000363 12r00r25         [24] 1222 	lcall	_lcdgotoaddr
                                   1223 ;	lcd.c:292: lcdputch(sec_high);
      000366 85*04 82         [24] 1224 	mov	dpl,_sec_high
      000369 12r00r85         [24] 1225 	lcall	_lcdputch
      00036C                       1226 00104$:
                                   1227 ;	lcd.c:294: if (sec_high > '5') {
      00036C E5*04            [12] 1228 	mov	a,_sec_high
      00036E 24 CA            [12] 1229 	add	a,#0xff - 0x35
      000370 50 1D            [24] 1230 	jnc	00106$
                                   1231 ;	lcd.c:295: sec_high = '0';
      000372 75*04 30         [24] 1232 	mov	_sec_high,#0x30
                                   1233 ;	lcd.c:296: lcdgotoaddr(0x5C);
      000375 75 82 5C         [24] 1234 	mov	dpl,#0x5c
      000378 12r00r25         [24] 1235 	lcall	_lcdgotoaddr
                                   1236 ;	lcd.c:297: lcdputch(sec_high);
      00037B 85*04 82         [24] 1237 	mov	dpl,_sec_high
      00037E 12r00r85         [24] 1238 	lcall	_lcdputch
                                   1239 ;	lcd.c:298: min_low++;
      000381 05*03            [12] 1240 	inc	_min_low
                                   1241 ;	lcd.c:299: lcdgotoaddr(0x5A);
      000383 75 82 5A         [24] 1242 	mov	dpl,#0x5a
      000386 12r00r25         [24] 1243 	lcall	_lcdgotoaddr
                                   1244 ;	lcd.c:300: lcdputch(min_low);
      000389 85*03 82         [24] 1245 	mov	dpl,_min_low
      00038C 12r00r85         [24] 1246 	lcall	_lcdputch
      00038F                       1247 00106$:
                                   1248 ;	lcd.c:302: if (min_low > '9') {
      00038F E5*03            [12] 1249 	mov	a,_min_low
      000391 24 C6            [12] 1250 	add	a,#0xff - 0x39
      000393 50 1D            [24] 1251 	jnc	00108$
                                   1252 ;	lcd.c:303: min_low = '0';
      000395 75*03 30         [24] 1253 	mov	_min_low,#0x30
                                   1254 ;	lcd.c:304: lcdgotoaddr(0x5A);
      000398 75 82 5A         [24] 1255 	mov	dpl,#0x5a
      00039B 12r00r25         [24] 1256 	lcall	_lcdgotoaddr
                                   1257 ;	lcd.c:305: lcdputch(min_low);
      00039E 85*03 82         [24] 1258 	mov	dpl,_min_low
      0003A1 12r00r85         [24] 1259 	lcall	_lcdputch
                                   1260 ;	lcd.c:306: min_high++;
      0003A4 05*02            [12] 1261 	inc	_min_high
                                   1262 ;	lcd.c:307: lcdgotoaddr(0x59);
      0003A6 75 82 59         [24] 1263 	mov	dpl,#0x59
      0003A9 12r00r25         [24] 1264 	lcall	_lcdgotoaddr
                                   1265 ;	lcd.c:308: lcdputch(min_high);
      0003AC 85*02 82         [24] 1266 	mov	dpl,_min_high
      0003AF 12r00r85         [24] 1267 	lcall	_lcdputch
      0003B2                       1268 00108$:
                                   1269 ;	lcd.c:310: if (min_high > '5') {
      0003B2 E5*02            [12] 1270 	mov	a,_min_high
      0003B4 24 CA            [12] 1271 	add	a,#0xff - 0x35
      0003B6 50 0F            [24] 1272 	jnc	00110$
                                   1273 ;	lcd.c:311: min_high = '0';
      0003B8 75*02 30         [24] 1274 	mov	_min_high,#0x30
                                   1275 ;	lcd.c:312: lcdgotoaddr(0x59);
      0003BB 75 82 59         [24] 1276 	mov	dpl,#0x59
      0003BE 12r00r25         [24] 1277 	lcall	_lcdgotoaddr
                                   1278 ;	lcd.c:313: lcdputch(min_high);
      0003C1 85*02 82         [24] 1279 	mov	dpl,_min_high
      0003C4 12r00r85         [24] 1280 	lcall	_lcdputch
      0003C7                       1281 00110$:
                                   1282 ;	lcd.c:315: lcdgotoaddr(0x5F);
      0003C7 75 82 5F         [24] 1283 	mov	dpl,#0x5f
      0003CA 12r00r25         [24] 1284 	lcall	_lcdgotoaddr
                                   1285 ;	lcd.c:316: lcdputch(mili_sec);
      0003CD 85*06 82         [24] 1286 	mov	dpl,_mili_sec
                                   1287 ;	lcd.c:318: }
      0003D0 02r00r85         [24] 1288 	ljmp	_lcdputch
                                   1289 ;------------------------------------------------------------
                                   1290 ;Allocation info for local variables in function 'menu_lcd'
                                   1291 ;------------------------------------------------------------
                                   1292 ;	lcd.c:323: void menu_lcd() {
                                   1293 ;	-----------------------------------------
                                   1294 ;	 function menu_lcd
                                   1295 ;	-----------------------------------------
      0003D3                       1296 _menu_lcd:
                                   1297 ;	lcd.c:324: reset_clock();  // Reset clock values for display consistency
      0003D3 12r02rB4         [24] 1298 	lcall	_reset_clock
                                   1299 ;	lcd.c:325: lcdgotoxy(1, 1);
      0003D6 75*0E 01         [24] 1300 	mov	_lcdgotoxy_PARM_2,#0x01
      0003D9 75 82 01         [24] 1301 	mov	dpl,#0x01
      0003DC 12r00r39         [24] 1302 	lcall	_lcdgotoxy
                                   1303 ;	lcd.c:326: lcdputstr("Clock status:");
      0003DF 90r00r77         [24] 1304 	mov	dptr,#___str_3
      0003E2 75 F0 80         [24] 1305 	mov	b,#0x80
      0003E5 12r00r96         [24] 1306 	lcall	_lcdputstr
                                   1307 ;	lcd.c:327: lcdgotoxy(2, 1);
      0003E8 75*0E 01         [24] 1308 	mov	_lcdgotoxy_PARM_2,#0x01
      0003EB 75 82 02         [24] 1309 	mov	dpl,#0x02
      0003EE 12r00r39         [24] 1310 	lcall	_lcdgotoxy
                                   1311 ;	lcd.c:328: lcdputstr("Running");
      0003F1 90r00r85         [24] 1312 	mov	dptr,#___str_4
      0003F4 75 F0 80         [24] 1313 	mov	b,#0x80
      0003F7 12r00r96         [24] 1314 	lcall	_lcdputstr
                                   1315 ;	lcd.c:329: lcdgotoxy(3, 1);
      0003FA 75*0E 01         [24] 1316 	mov	_lcdgotoxy_PARM_2,#0x01
      0003FD 75 82 03         [24] 1317 	mov	dpl,#0x03
      000400 12r00r39         [24] 1318 	lcall	_lcdgotoxy
                                   1319 ;	lcd.c:330: lcdputstr("Stopped");
      000403 90r00r8D         [24] 1320 	mov	dptr,#___str_5
      000406 75 F0 80         [24] 1321 	mov	b,#0x80
      000409 12r00r96         [24] 1322 	lcall	_lcdputstr
                                   1323 ;	lcd.c:331: lcdgotoxy(4, 1);
      00040C 75*0E 01         [24] 1324 	mov	_lcdgotoxy_PARM_2,#0x01
      00040F 75 82 04         [24] 1325 	mov	dpl,#0x04
      000412 12r00r39         [24] 1326 	lcall	_lcdgotoxy
                                   1327 ;	lcd.c:332: lcdputstr("Reset");
      000415 90r00r95         [24] 1328 	mov	dptr,#___str_6
      000418 75 F0 80         [24] 1329 	mov	b,#0x80
                                   1330 ;	lcd.c:333: }
      00041B 02r00r96         [24] 1331 	ljmp	_lcdputstr
                                   1332 ;------------------------------------------------------------
                                   1333 ;Allocation info for local variables in function 'arrow_set'
                                   1334 ;------------------------------------------------------------
                                   1335 ;b                         Allocated with name '_arrow_set_PARM_2'
                                   1336 ;c                         Allocated with name '_arrow_set_PARM_3'
                                   1337 ;a                         Allocated to registers r7 
                                   1338 ;------------------------------------------------------------
                                   1339 ;	lcd.c:341: void arrow_set(char a, char b, char c) {
                                   1340 ;	-----------------------------------------
                                   1341 ;	 function arrow_set
                                   1342 ;	-----------------------------------------
      00041E                       1343 _arrow_set:
      00041E AF 82            [24] 1344 	mov	r7,dpl
                                   1345 ;	lcd.c:342: lcdgotoxy(2, 8);
      000420 75*0E 08         [24] 1346 	mov	_lcdgotoxy_PARM_2,#0x08
      000423 75 82 02         [24] 1347 	mov	dpl,#0x02
      000426 C0 07            [24] 1348 	push	ar7
      000428 12r00r39         [24] 1349 	lcall	_lcdgotoxy
      00042B D0 07            [24] 1350 	pop	ar7
                                   1351 ;	lcd.c:343: lcdputch(a);  // Display arrow indicator for "Running"
      00042D 8F 82            [24] 1352 	mov	dpl,r7
      00042F 12r00r85         [24] 1353 	lcall	_lcdputch
                                   1354 ;	lcd.c:344: lcdgotoxy(3, 8);
      000432 75*0E 08         [24] 1355 	mov	_lcdgotoxy_PARM_2,#0x08
      000435 75 82 03         [24] 1356 	mov	dpl,#0x03
      000438 12r00r39         [24] 1357 	lcall	_lcdgotoxy
                                   1358 ;	lcd.c:345: lcdputch(b);  // Display arrow indicator for "Stopped"
      00043B 85*17 82         [24] 1359 	mov	dpl,_arrow_set_PARM_2
      00043E 12r00r85         [24] 1360 	lcall	_lcdputch
                                   1361 ;	lcd.c:346: lcdgotoxy(4, 6);
      000441 75*0E 06         [24] 1362 	mov	_lcdgotoxy_PARM_2,#0x06
      000444 75 82 04         [24] 1363 	mov	dpl,#0x04
      000447 12r00r39         [24] 1364 	lcall	_lcdgotoxy
                                   1365 ;	lcd.c:347: lcdputch(c);  // Display arrow indicator for "Reset"
      00044A 85*18 82         [24] 1366 	mov	dpl,_arrow_set_PARM_3
                                   1367 ;	lcd.c:348: }
      00044D 02r00r85         [24] 1368 	ljmp	_lcdputch
                                   1369 	.area CSEG    (CODE)
                                   1370 	.area CONST   (CODE)
                                   1371 	.area CONST   (CODE)
      000000                       1372 ___str_0:
      000000 74 65 73 74 5F 66 75  1373 	.ascii "test_functionality start"
             6E 63 74 69 6F 6E 61
             6C 69 74 79 20 73 74
             61 72 74
      000018 0A                    1374 	.db 0x0a
      000019 0D                    1375 	.db 0x0d
      00001A 00                    1376 	.db 0x00
                                   1377 	.area CSEG    (CODE)
                                   1378 	.area CONST   (CODE)
      00001B                       1379 ___str_1:
      00001B 41 42 43 44 45 46 47  1380 	.ascii "ABCDEFGHIJKLMNOPQRSTUVWXYZ123456789abcdefghijklmnopqrstuvwxy"
             48 49 4A 4B 4C 4D 4E
             4F 50 51 52 53 54 55
             56 57 58 59 5A 31 32
             33 34 35 36 37 38 39
             61 62 63 64 65 66 67
             68 69 6A 6B 6C 6D 6E
             6F 70 71 72 73 74 75
             76 77 78 79
      000057 7A 4A 49 54 48 55     1381 	.ascii "zJITHU"
      00005D 00                    1382 	.db 0x00
                                   1383 	.area CSEG    (CODE)
                                   1384 	.area CONST   (CODE)
      00005E                       1385 ___str_2:
      00005E 74 65 73 74 5F 66 75  1386 	.ascii "test_functionality end"
             6E 63 74 69 6F 6E 61
             6C 69 74 79 20 65 6E
             64
      000074 0A                    1387 	.db 0x0a
      000075 0D                    1388 	.db 0x0d
      000076 00                    1389 	.db 0x00
                                   1390 	.area CSEG    (CODE)
                                   1391 	.area CONST   (CODE)
      000077                       1392 ___str_3:
      000077 43 6C 6F 63 6B 20 73  1393 	.ascii "Clock status:"
             74 61 74 75 73 3A
      000084 00                    1394 	.db 0x00
                                   1395 	.area CSEG    (CODE)
                                   1396 	.area CONST   (CODE)
      000085                       1397 ___str_4:
      000085 52 75 6E 6E 69 6E 67  1398 	.ascii "Running"
      00008C 00                    1399 	.db 0x00
                                   1400 	.area CSEG    (CODE)
                                   1401 	.area CONST   (CODE)
      00008D                       1402 ___str_5:
      00008D 53 74 6F 70 70 65 64  1403 	.ascii "Stopped"
      000094 00                    1404 	.db 0x00
                                   1405 	.area CSEG    (CODE)
                                   1406 	.area CONST   (CODE)
      000095                       1407 ___str_6:
      000095 52 65 73 65 74        1408 	.ascii "Reset"
      00009A 00                    1409 	.db 0x00
                                   1410 	.area CSEG    (CODE)
                                   1411 	.area XINIT   (CODE)
      000000                       1412 __xinit__db:
      000000 00                    1413 	.db #0x00	; 0
                                   1414 	.area CABS    (ABS,CODE)
